03-May-2023 00:01:43.590 INFORMAÇÕES [main] org.apache.catalina.startup.VersionLoggerListener.log Server version name:   Apache Tomcat/8.5.50
03-May-2023 00:01:43.590 INFORMAÇÕES [main] org.apache.catalina.startup.VersionLoggerListener.log Server built:          Dec 7 2019 19:19:46 UTC
03-May-2023 00:01:43.590 INFORMAÇÕES [main] org.apache.catalina.startup.VersionLoggerListener.log Server version number: 8.5.50.0
03-May-2023 00:01:43.590 INFORMAÇÕES [main] org.apache.catalina.startup.VersionLoggerListener.log OS Name:               Windows 10
03-May-2023 00:01:43.602 INFORMAÇÕES [main] org.apache.catalina.startup.VersionLoggerListener.log OS Version:            10.0
03-May-2023 00:01:43.602 INFORMAÇÕES [main] org.apache.catalina.startup.VersionLoggerListener.log Architecture:          x86
03-May-2023 00:01:43.602 INFORMAÇÕES [main] org.apache.catalina.startup.VersionLoggerListener.log Java Home:             C:\Program Files (x86)\Java\jre1.8.0_361
03-May-2023 00:01:43.602 INFORMAÇÕES [main] org.apache.catalina.startup.VersionLoggerListener.log JVM Version:           1.8.0_361-b09
03-May-2023 00:01:43.602 INFORMAÇÕES [main] org.apache.catalina.startup.VersionLoggerListener.log JVM Vendor:            Oracle Corporation
03-May-2023 00:01:43.602 INFORMAÇÕES [main] org.apache.catalina.startup.VersionLoggerListener.log CATALINA_BASE:         C:\Users\Administrador\Desktop\Selenium-QA\DevOPs\apache-tomcat-8.5.50
03-May-2023 00:01:43.602 INFORMAÇÕES [main] org.apache.catalina.startup.VersionLoggerListener.log CATALINA_HOME:         C:\Users\Administrador\Desktop\Selenium-QA\DevOPs\apache-tomcat-8.5.50
03-May-2023 00:01:43.602 INFORMAÇÕES [main] org.apache.catalina.startup.VersionLoggerListener.log Command line argument: -Djava.util.logging.config.file=C:\Users\Administrador\Desktop\Selenium-QA\DevOPs\apache-tomcat-8.5.50\conf\logging.properties
03-May-2023 00:01:43.602 INFORMAÇÕES [main] org.apache.catalina.startup.VersionLoggerListener.log Command line argument: -Djava.util.logging.manager=org.apache.juli.ClassLoaderLogManager
03-May-2023 00:01:43.602 INFORMAÇÕES [main] org.apache.catalina.startup.VersionLoggerListener.log Command line argument: -Djdk.tls.ephemeralDHKeySize=2048
03-May-2023 00:01:43.602 INFORMAÇÕES [main] org.apache.catalina.startup.VersionLoggerListener.log Command line argument: -Djava.protocol.handler.pkgs=org.apache.catalina.webresources
03-May-2023 00:01:43.602 INFORMAÇÕES [main] org.apache.catalina.startup.VersionLoggerListener.log Command line argument: -Dignore.endorsed.dirs=
03-May-2023 00:01:43.602 INFORMAÇÕES [main] org.apache.catalina.startup.VersionLoggerListener.log Command line argument: -Dcatalina.base=C:\Users\Administrador\Desktop\Selenium-QA\DevOPs\apache-tomcat-8.5.50
03-May-2023 00:01:43.602 INFORMAÇÕES [main] org.apache.catalina.startup.VersionLoggerListener.log Command line argument: -Dcatalina.home=C:\Users\Administrador\Desktop\Selenium-QA\DevOPs\apache-tomcat-8.5.50
03-May-2023 00:01:43.602 INFORMAÇÕES [main] org.apache.catalina.startup.VersionLoggerListener.log Command line argument: -Djava.io.tmpdir=C:\Users\Administrador\Desktop\Selenium-QA\DevOPs\apache-tomcat-8.5.50\temp
03-May-2023 00:01:43.602 INFORMAÇÕES [main] org.apache.catalina.core.AprLifecycleListener.lifecycleEvent The APR based Apache Tomcat Native library which allows optimal performance in production environments was not found on the java.library.path: [C:\Program Files (x86)\Java\jre1.8.0_361\bin;C:\Windows\Sun\Java\bin;C:\Windows\system32;C:\Windows;C:\Program Files (x86)\Java\jre1.8.0_361\bin;C:\Program Files\Java\jdk1.8.0_202\bin;C:\Program Files (x86)\Common Files\Oracle\Java\javapath;C:\Windows\system32;C:\Windows;C:\Windows\System32\Wbem;C:\Windows\System32\WindowsPowerShell\v1.0\;C:\Windows\System32\OpenSSH\;C:\Program Files\Git\cmd;C:\Program Files\dotnet\;C:\Program Files\Microsoft SQL Server\150\Tools\Binn\;C:\Program Files\Microsoft SQL Server\Client SDK\ODBC\170\Tools\Binn\;C:\allure-2.12.0\bin;C:\Program Files (x86)\Windows Kits\10\Windows Performance Toolkit\;C:\apache-maven-3.8.8\bin;C:\chromedriver.exe;C:\Users\vinicius\AppData\Local\Programs\Python\Python311;;C:\Program Files\Docker\Docker\resources\bin;C:\apache-maven-3.8.8\bin;C:\Users\Administrador\AppData\Local\Microsoft\WindowsApps;;C:\Users\Administrador\AppData\Local\Programs\Microsoft VS Code\bin;.]
03-May-2023 00:01:43.740 INFORMAÇÕES [main] org.apache.coyote.AbstractProtocol.init Initializing ProtocolHandler ["http-nio-8888"]
03-May-2023 00:01:44.039 INFORMAÇÕES [main] org.apache.tomcat.util.net.NioSelectorPool.getSharedSelector Using a shared selector for servlet write/read
03-May-2023 00:01:44.039 INFORMAÇÕES [main] org.apache.coyote.AbstractProtocol.init Initializing ProtocolHandler ["ajp-nio-8009"]
03-May-2023 00:01:44.039 INFORMAÇÕES [main] org.apache.tomcat.util.net.NioSelectorPool.getSharedSelector Using a shared selector for servlet write/read
03-May-2023 00:01:44.039 INFORMAÇÕES [main] org.apache.catalina.startup.Catalina.load Initialization processed in 824 ms
03-May-2023 00:01:44.102 INFORMAÇÕES [main] org.apache.catalina.core.StandardService.startInternal Starting service [Catalina]
03-May-2023 00:01:44.102 INFORMAÇÕES [main] org.apache.catalina.core.StandardEngine.startInternal Starting Servlet Engine: Apache Tomcat/8.5.50
03-May-2023 00:01:44.118 INFORMAÇÕES [localhost-startStop-1] org.apache.catalina.startup.HostConfig.deployWAR Deploying web application archive [C:\Users\Administrador\Desktop\Selenium-QA\DevOPs\apache-tomcat-8.5.50\webapps\tasks-backend.war]
03-May-2023 00:01:54.985 INFORMAÇÕES [localhost-startStop-1] org.apache.jasper.servlet.TldScanner.scanJars At least one JAR was scanned for TLDs yet contained no TLDs. Enable debug logging for this logger for a complete list of JARs that were scanned but no TLDs were found in them. Skipping unneeded JARs during scanning can improve startup time and JSP compilation time.
03-May-2023 00:01:55.027 INFORMAÇÕES [localhost-startStop-1] org.apache.catalina.startup.HostConfig.deployWAR Deployment of web application archive [C:\Users\Administrador\Desktop\Selenium-QA\DevOPs\apache-tomcat-8.5.50\webapps\tasks-backend.war] has finished in [10,909] ms
03-May-2023 00:01:55.027 INFORMAÇÕES [localhost-startStop-1] org.apache.catalina.startup.HostConfig.deployWAR Deploying web application archive [C:\Users\Administrador\Desktop\Selenium-QA\DevOPs\apache-tomcat-8.5.50\webapps\tasks.war]
03-May-2023 00:01:59.102 INFORMAÇÕES [localhost-startStop-1] org.apache.jasper.servlet.TldScanner.scanJars At least one JAR was scanned for TLDs yet contained no TLDs. Enable debug logging for this logger for a complete list of JARs that were scanned but no TLDs were found in them. Skipping unneeded JARs during scanning can improve startup time and JSP compilation time.
03-May-2023 00:01:59.102 INFORMAÇÕES [localhost-startStop-1] org.apache.catalina.startup.HostConfig.deployWAR Deployment of web application archive [C:\Users\Administrador\Desktop\Selenium-QA\DevOPs\apache-tomcat-8.5.50\webapps\tasks.war] has finished in [4,075] ms
03-May-2023 00:01:59.102 INFORMAÇÕES [localhost-startStop-1] org.apache.catalina.startup.HostConfig.deployDirectory Deploying web application directory [C:\Users\Administrador\Desktop\Selenium-QA\DevOPs\apache-tomcat-8.5.50\webapps\docs]
03-May-2023 00:01:59.118 INFORMAÇÕES [localhost-startStop-1] org.apache.catalina.startup.HostConfig.deployDirectory Deployment of web application directory [C:\Users\Administrador\Desktop\Selenium-QA\DevOPs\apache-tomcat-8.5.50\webapps\docs] has finished in [16] ms
03-May-2023 00:01:59.118 INFORMAÇÕES [localhost-startStop-1] org.apache.catalina.startup.HostConfig.deployDirectory Deploying web application directory [C:\Users\Administrador\Desktop\Selenium-QA\DevOPs\apache-tomcat-8.5.50\webapps\examples]
03-May-2023 00:01:59.365 INFORMAÇÕES [localhost-startStop-1] org.apache.catalina.startup.HostConfig.deployDirectory Deployment of web application directory [C:\Users\Administrador\Desktop\Selenium-QA\DevOPs\apache-tomcat-8.5.50\webapps\examples] has finished in [247] ms
03-May-2023 00:01:59.365 INFORMAÇÕES [localhost-startStop-1] org.apache.catalina.startup.HostConfig.deployDirectory Deploying web application directory [C:\Users\Administrador\Desktop\Selenium-QA\DevOPs\apache-tomcat-8.5.50\webapps\host-manager]
03-May-2023 00:01:59.420 INFORMAÇÕES [localhost-startStop-1] org.apache.catalina.startup.HostConfig.deployDirectory Deployment of web application directory [C:\Users\Administrador\Desktop\Selenium-QA\DevOPs\apache-tomcat-8.5.50\webapps\host-manager] has finished in [54] ms
03-May-2023 00:01:59.421 INFORMAÇÕES [localhost-startStop-1] org.apache.catalina.startup.HostConfig.deployDirectory Deploying web application directory [C:\Users\Administrador\Desktop\Selenium-QA\DevOPs\apache-tomcat-8.5.50\webapps\manager]
03-May-2023 00:01:59.458 INFORMAÇÕES [localhost-startStop-1] org.apache.catalina.startup.HostConfig.deployDirectory Deployment of web application directory [C:\Users\Administrador\Desktop\Selenium-QA\DevOPs\apache-tomcat-8.5.50\webapps\manager] has finished in [37] ms
03-May-2023 00:01:59.458 INFORMAÇÕES [localhost-startStop-1] org.apache.catalina.startup.HostConfig.deployDirectory Deploying web application directory [C:\Users\Administrador\Desktop\Selenium-QA\DevOPs\apache-tomcat-8.5.50\webapps\ROOT]
03-May-2023 00:01:59.472 INFORMAÇÕES [localhost-startStop-1] org.apache.catalina.startup.HostConfig.deployDirectory Deployment of web application directory [C:\Users\Administrador\Desktop\Selenium-QA\DevOPs\apache-tomcat-8.5.50\webapps\ROOT] has finished in [14] ms
03-May-2023 00:01:59.472 INFORMAÇÕES [main] org.apache.coyote.AbstractProtocol.start Starting ProtocolHandler ["http-nio-8888"]
03-May-2023 00:01:59.489 INFORMAÇÕES [main] org.apache.coyote.AbstractProtocol.start Starting ProtocolHandler ["ajp-nio-8009"]
03-May-2023 00:01:59.495 INFORMAÇÕES [main] org.apache.catalina.startup.Catalina.start Server startup in 15446 ms
03-May-2023 00:27:50.761 ADVERTÊNCIA [http-nio-8888-exec-6] org.apache.catalina.loader.WebappClassLoaderBase.clearReferencesJdbc The web application [tasks-backend] registered the JDBC driver [org.postgresql.Driver] but failed to unregister it when the web application was stopped. To prevent a memory leak, the JDBC Driver has been forcibly unregistered.
03-May-2023 00:27:51.398 INFORMAÇÕES [http-nio-8888-exec-6] org.apache.catalina.startup.HostConfig.undeploy Undeploying context [/tasks-backend]
03-May-2023 00:27:52.128 INFORMAÇÕES [http-nio-8888-exec-9] org.apache.catalina.startup.HostConfig.deployWAR Deploying web application archive [C:\Users\Administrador\Desktop\Selenium-QA\DevOPs\apache-tomcat-8.5.50\webapps\tasks-backend.war]
03-May-2023 00:28:07.914 INFORMAÇÕES [http-nio-8888-exec-9] org.apache.jasper.servlet.TldScanner.scanJars At least one JAR was scanned for TLDs yet contained no TLDs. Enable debug logging for this logger for a complete list of JARs that were scanned but no TLDs were found in them. Skipping unneeded JARs during scanning can improve startup time and JSP compilation time.
03-May-2023 00:28:07.927 INFORMAÇÕES [http-nio-8888-exec-9] org.apache.catalina.startup.HostConfig.deployWAR Deployment of web application archive [C:\Users\Administrador\Desktop\Selenium-QA\DevOPs\apache-tomcat-8.5.50\webapps\tasks-backend.war] has finished in [15,799] ms
03-May-2023 00:28:25.943 INFORMAÇÕES [http-nio-8888-exec-3] org.apache.catalina.startup.HostConfig.undeploy Undeploying context [/tasks]
03-May-2023 00:28:26.160 INFORMAÇÕES [http-nio-8888-exec-10] org.apache.catalina.startup.HostConfig.deployWAR Deploying web application archive [C:\Users\Administrador\Desktop\Selenium-QA\DevOPs\apache-tomcat-8.5.50\webapps\tasks.war]
03-May-2023 00:28:34.922 INFORMAÇÕES [http-nio-8888-exec-10] org.apache.jasper.servlet.TldScanner.scanJars At least one JAR was scanned for TLDs yet contained no TLDs. Enable debug logging for this logger for a complete list of JARs that were scanned but no TLDs were found in them. Skipping unneeded JARs during scanning can improve startup time and JSP compilation time.
03-May-2023 00:28:34.932 INFORMAÇÕES [http-nio-8888-exec-10] org.apache.catalina.startup.HostConfig.deployWAR Deployment of web application archive [C:\Users\Administrador\Desktop\Selenium-QA\DevOPs\apache-tomcat-8.5.50\webapps\tasks.war] has finished in [8,772] ms
03-May-2023 09:39:10.756 INFORMAÇÕES [main] org.apache.catalina.startup.VersionLoggerListener.log Server version name:   Apache Tomcat/8.5.50
03-May-2023 09:39:10.760 INFORMAÇÕES [main] org.apache.catalina.startup.VersionLoggerListener.log Server built:          Dec 7 2019 19:19:46 UTC
03-May-2023 09:39:10.761 INFORMAÇÕES [main] org.apache.catalina.startup.VersionLoggerListener.log Server version number: 8.5.50.0
03-May-2023 09:39:10.761 INFORMAÇÕES [main] org.apache.catalina.startup.VersionLoggerListener.log OS Name:               Windows 10
03-May-2023 09:39:10.761 INFORMAÇÕES [main] org.apache.catalina.startup.VersionLoggerListener.log OS Version:            10.0
03-May-2023 09:39:10.761 INFORMAÇÕES [main] org.apache.catalina.startup.VersionLoggerListener.log Architecture:          x86
03-May-2023 09:39:10.761 INFORMAÇÕES [main] org.apache.catalina.startup.VersionLoggerListener.log Java Home:             C:\Program Files (x86)\Java\jre1.8.0_361
03-May-2023 09:39:10.761 INFORMAÇÕES [main] org.apache.catalina.startup.VersionLoggerListener.log JVM Version:           1.8.0_361-b09
03-May-2023 09:39:10.761 INFORMAÇÕES [main] org.apache.catalina.startup.VersionLoggerListener.log JVM Vendor:            Oracle Corporation
03-May-2023 09:39:10.761 INFORMAÇÕES [main] org.apache.catalina.startup.VersionLoggerListener.log CATALINA_BASE:         C:\Users\Administrador\Desktop\Selenium-QA\DevOPs\apache-tomcat-8.5.50
03-May-2023 09:39:10.762 INFORMAÇÕES [main] org.apache.catalina.startup.VersionLoggerListener.log CATALINA_HOME:         C:\Users\Administrador\Desktop\Selenium-QA\DevOPs\apache-tomcat-8.5.50
03-May-2023 09:39:10.762 INFORMAÇÕES [main] org.apache.catalina.startup.VersionLoggerListener.log Command line argument: -Djava.util.logging.config.file=C:\Users\Administrador\Desktop\Selenium-QA\DevOPs\apache-tomcat-8.5.50\conf\logging.properties
03-May-2023 09:39:10.762 INFORMAÇÕES [main] org.apache.catalina.startup.VersionLoggerListener.log Command line argument: -Djava.util.logging.manager=org.apache.juli.ClassLoaderLogManager
03-May-2023 09:39:10.762 INFORMAÇÕES [main] org.apache.catalina.startup.VersionLoggerListener.log Command line argument: -Djdk.tls.ephemeralDHKeySize=2048
03-May-2023 09:39:10.762 INFORMAÇÕES [main] org.apache.catalina.startup.VersionLoggerListener.log Command line argument: -Djava.protocol.handler.pkgs=org.apache.catalina.webresources
03-May-2023 09:39:10.762 INFORMAÇÕES [main] org.apache.catalina.startup.VersionLoggerListener.log Command line argument: -Dignore.endorsed.dirs=
03-May-2023 09:39:10.763 INFORMAÇÕES [main] org.apache.catalina.startup.VersionLoggerListener.log Command line argument: -Dcatalina.base=C:\Users\Administrador\Desktop\Selenium-QA\DevOPs\apache-tomcat-8.5.50
03-May-2023 09:39:10.763 INFORMAÇÕES [main] org.apache.catalina.startup.VersionLoggerListener.log Command line argument: -Dcatalina.home=C:\Users\Administrador\Desktop\Selenium-QA\DevOPs\apache-tomcat-8.5.50
03-May-2023 09:39:10.763 INFORMAÇÕES [main] org.apache.catalina.startup.VersionLoggerListener.log Command line argument: -Djava.io.tmpdir=C:\Users\Administrador\Desktop\Selenium-QA\DevOPs\apache-tomcat-8.5.50\temp
03-May-2023 09:39:10.763 INFORMAÇÕES [main] org.apache.catalina.core.AprLifecycleListener.lifecycleEvent The APR based Apache Tomcat Native library which allows optimal performance in production environments was not found on the java.library.path: [C:\Program Files (x86)\Java\jre1.8.0_361\bin;C:\Windows\Sun\Java\bin;C:\Windows\system32;C:\Windows;C:\Program Files (x86)\Java\jre1.8.0_361\bin;C:\Program Files\Java\jdk1.8.0_202\bin;C:\Program Files (x86)\Common Files\Oracle\Java\javapath;C:\Windows\system32;C:\Windows;C:\Windows\System32\Wbem;C:\Windows\System32\WindowsPowerShell\v1.0\;C:\Windows\System32\OpenSSH\;C:\Program Files\Git\cmd;C:\Program Files\dotnet\;C:\Program Files\Microsoft SQL Server\150\Tools\Binn\;C:\Program Files\Microsoft SQL Server\Client SDK\ODBC\170\Tools\Binn\;C:\allure-2.12.0\bin;C:\Program Files (x86)\Windows Kits\10\Windows Performance Toolkit\;C:\apache-maven-3.8.8\bin;C:\chromedriver.exe;C:\Users\vinicius\AppData\Local\Programs\Python\Python311;;C:\Program Files\Docker\Docker\resources\bin;C:\apache-maven-3.8.8\bin;C:\Users\Administrador\AppData\Local\Microsoft\WindowsApps;;C:\Users\Administrador\AppData\Local\Programs\Microsoft VS Code\bin;.]
03-May-2023 09:39:10.912 INFORMAÇÕES [main] org.apache.coyote.AbstractProtocol.init Initializing ProtocolHandler ["http-nio-8888"]
03-May-2023 09:39:11.237 INFORMAÇÕES [main] org.apache.tomcat.util.net.NioSelectorPool.getSharedSelector Using a shared selector for servlet write/read
03-May-2023 09:39:11.246 INFORMAÇÕES [main] org.apache.coyote.AbstractProtocol.init Initializing ProtocolHandler ["ajp-nio-8009"]
03-May-2023 09:39:11.248 INFORMAÇÕES [main] org.apache.tomcat.util.net.NioSelectorPool.getSharedSelector Using a shared selector for servlet write/read
03-May-2023 09:39:11.250 INFORMAÇÕES [main] org.apache.catalina.startup.Catalina.load Initialization processed in 913 ms
03-May-2023 09:39:11.315 INFORMAÇÕES [main] org.apache.catalina.core.StandardService.startInternal Starting service [Catalina]
03-May-2023 09:39:11.315 INFORMAÇÕES [main] org.apache.catalina.core.StandardEngine.startInternal Starting Servlet Engine: Apache Tomcat/8.5.50
03-May-2023 09:39:11.336 INFORMAÇÕES [localhost-startStop-1] org.apache.catalina.startup.HostConfig.deployWAR Deploying web application archive [C:\Users\Administrador\Desktop\Selenium-QA\DevOPs\apache-tomcat-8.5.50\webapps\tasks-backend.war]
03-May-2023 09:39:31.705 INFORMAÇÕES [localhost-startStop-1] org.apache.jasper.servlet.TldScanner.scanJars At least one JAR was scanned for TLDs yet contained no TLDs. Enable debug logging for this logger for a complete list of JARs that were scanned but no TLDs were found in them. Skipping unneeded JARs during scanning can improve startup time and JSP compilation time.
03-May-2023 09:39:31.781 INFORMAÇÕES [localhost-startStop-1] org.apache.catalina.startup.HostConfig.deployWAR Deployment of web application archive [C:\Users\Administrador\Desktop\Selenium-QA\DevOPs\apache-tomcat-8.5.50\webapps\tasks-backend.war] has finished in [20,444] ms
03-May-2023 09:39:31.785 INFORMAÇÕES [localhost-startStop-1] org.apache.catalina.startup.HostConfig.deployWAR Deploying web application archive [C:\Users\Administrador\Desktop\Selenium-QA\DevOPs\apache-tomcat-8.5.50\webapps\tasks.war]
03-May-2023 09:39:42.660 INFORMAÇÕES [localhost-startStop-1] org.apache.jasper.servlet.TldScanner.scanJars At least one JAR was scanned for TLDs yet contained no TLDs. Enable debug logging for this logger for a complete list of JARs that were scanned but no TLDs were found in them. Skipping unneeded JARs during scanning can improve startup time and JSP compilation time.
03-May-2023 09:39:42.676 INFORMAÇÕES [localhost-startStop-1] org.apache.catalina.startup.HostConfig.deployWAR Deployment of web application archive [C:\Users\Administrador\Desktop\Selenium-QA\DevOPs\apache-tomcat-8.5.50\webapps\tasks.war] has finished in [10,890] ms
03-May-2023 09:39:42.677 INFORMAÇÕES [localhost-startStop-1] org.apache.catalina.startup.HostConfig.deployDirectory Deploying web application directory [C:\Users\Administrador\Desktop\Selenium-QA\DevOPs\apache-tomcat-8.5.50\webapps\docs]
03-May-2023 09:39:42.710 INFORMAÇÕES [localhost-startStop-1] org.apache.catalina.startup.HostConfig.deployDirectory Deployment of web application directory [C:\Users\Administrador\Desktop\Selenium-QA\DevOPs\apache-tomcat-8.5.50\webapps\docs] has finished in [33] ms
03-May-2023 09:39:42.711 INFORMAÇÕES [localhost-startStop-1] org.apache.catalina.startup.HostConfig.deployDirectory Deploying web application directory [C:\Users\Administrador\Desktop\Selenium-QA\DevOPs\apache-tomcat-8.5.50\webapps\examples]
03-May-2023 09:39:43.227 INFORMAÇÕES [localhost-startStop-1] org.apache.catalina.startup.HostConfig.deployDirectory Deployment of web application directory [C:\Users\Administrador\Desktop\Selenium-QA\DevOPs\apache-tomcat-8.5.50\webapps\examples] has finished in [516] ms
03-May-2023 09:39:43.227 INFORMAÇÕES [localhost-startStop-1] org.apache.catalina.startup.HostConfig.deployDirectory Deploying web application directory [C:\Users\Administrador\Desktop\Selenium-QA\DevOPs\apache-tomcat-8.5.50\webapps\host-manager]
03-May-2023 09:39:43.276 INFORMAÇÕES [localhost-startStop-1] org.apache.catalina.startup.HostConfig.deployDirectory Deployment of web application directory [C:\Users\Administrador\Desktop\Selenium-QA\DevOPs\apache-tomcat-8.5.50\webapps\host-manager] has finished in [49] ms
03-May-2023 09:39:43.277 INFORMAÇÕES [localhost-startStop-1] org.apache.catalina.startup.HostConfig.deployDirectory Deploying web application directory [C:\Users\Administrador\Desktop\Selenium-QA\DevOPs\apache-tomcat-8.5.50\webapps\manager]
03-May-2023 09:39:43.322 INFORMAÇÕES [localhost-startStop-1] org.apache.catalina.startup.HostConfig.deployDirectory Deployment of web application directory [C:\Users\Administrador\Desktop\Selenium-QA\DevOPs\apache-tomcat-8.5.50\webapps\manager] has finished in [45] ms
03-May-2023 09:39:43.322 INFORMAÇÕES [localhost-startStop-1] org.apache.catalina.startup.HostConfig.deployDirectory Deploying web application directory [C:\Users\Administrador\Desktop\Selenium-QA\DevOPs\apache-tomcat-8.5.50\webapps\ROOT]
03-May-2023 09:39:43.356 INFORMAÇÕES [localhost-startStop-1] org.apache.catalina.startup.HostConfig.deployDirectory Deployment of web application directory [C:\Users\Administrador\Desktop\Selenium-QA\DevOPs\apache-tomcat-8.5.50\webapps\ROOT] has finished in [34] ms
03-May-2023 09:39:43.361 INFORMAÇÕES [main] org.apache.coyote.AbstractProtocol.start Starting ProtocolHandler ["http-nio-8888"]
03-May-2023 09:39:43.381 INFORMAÇÕES [main] org.apache.coyote.AbstractProtocol.start Starting ProtocolHandler ["ajp-nio-8009"]
03-May-2023 09:39:43.386 INFORMAÇÕES [main] org.apache.catalina.startup.Catalina.start Server startup in 32135 ms
03-May-2023 10:07:13.453 ADVERTÊNCIA [http-nio-8888-exec-9] org.apache.catalina.loader.WebappClassLoaderBase.clearReferencesJdbc The web application [tasks-backend] registered the JDBC driver [org.postgresql.Driver] but failed to unregister it when the web application was stopped. To prevent a memory leak, the JDBC Driver has been forcibly unregistered.
03-May-2023 10:07:14.036 INFORMAÇÕES [http-nio-8888-exec-9] org.apache.catalina.startup.HostConfig.undeploy Undeploying context [/tasks-backend]
03-May-2023 10:07:14.548 INFORMAÇÕES [http-nio-8888-exec-8] org.apache.catalina.startup.HostConfig.deployWAR Deploying web application archive [C:\Users\Administrador\Desktop\Selenium-QA\DevOPs\apache-tomcat-8.5.50\webapps\tasks-backend.war]
03-May-2023 10:07:27.377 INFORMAÇÕES [http-nio-8888-exec-8] org.apache.jasper.servlet.TldScanner.scanJars At least one JAR was scanned for TLDs yet contained no TLDs. Enable debug logging for this logger for a complete list of JARs that were scanned but no TLDs were found in them. Skipping unneeded JARs during scanning can improve startup time and JSP compilation time.
03-May-2023 10:07:27.389 INFORMAÇÕES [http-nio-8888-exec-8] org.apache.catalina.startup.HostConfig.deployWAR Deployment of web application archive [C:\Users\Administrador\Desktop\Selenium-QA\DevOPs\apache-tomcat-8.5.50\webapps\tasks-backend.war] has finished in [12,841] ms
03-May-2023 10:07:44.183 INFORMAÇÕES [http-nio-8888-exec-2] org.apache.catalina.startup.HostConfig.undeploy Undeploying context [/tasks]
03-May-2023 10:07:44.421 INFORMAÇÕES [http-nio-8888-exec-13] org.apache.catalina.startup.HostConfig.deployWAR Deploying web application archive [C:\Users\Administrador\Desktop\Selenium-QA\DevOPs\apache-tomcat-8.5.50\webapps\tasks.war]
03-May-2023 10:07:54.280 INFORMAÇÕES [http-nio-8888-exec-13] org.apache.jasper.servlet.TldScanner.scanJars At least one JAR was scanned for TLDs yet contained no TLDs. Enable debug logging for this logger for a complete list of JARs that were scanned but no TLDs were found in them. Skipping unneeded JARs during scanning can improve startup time and JSP compilation time.
03-May-2023 10:07:54.294 INFORMAÇÕES [http-nio-8888-exec-13] org.apache.catalina.startup.HostConfig.deployWAR Deployment of web application archive [C:\Users\Administrador\Desktop\Selenium-QA\DevOPs\apache-tomcat-8.5.50\webapps\tasks.war] has finished in [9,873] ms
03-May-2023 14:15:17.067 ADVERTÊNCIA [http-nio-8888-exec-16] org.apache.catalina.loader.WebappClassLoaderBase.clearReferencesJdbc The web application [tasks-backend] registered the JDBC driver [org.postgresql.Driver] but failed to unregister it when the web application was stopped. To prevent a memory leak, the JDBC Driver has been forcibly unregistered.
03-May-2023 14:15:17.668 INFORMAÇÕES [http-nio-8888-exec-16] org.apache.catalina.startup.HostConfig.undeploy Undeploying context [/tasks-backend]
03-May-2023 14:15:18.033 INFORMAÇÕES [http-nio-8888-exec-15] org.apache.catalina.startup.HostConfig.deployWAR Deploying web application archive [C:\Users\Administrador\Desktop\Selenium-QA\DevOPs\apache-tomcat-8.5.50\webapps\tasks-backend.war]
03-May-2023 14:15:30.573 INFORMAÇÕES [http-nio-8888-exec-15] org.apache.jasper.servlet.TldScanner.scanJars At least one JAR was scanned for TLDs yet contained no TLDs. Enable debug logging for this logger for a complete list of JARs that were scanned but no TLDs were found in them. Skipping unneeded JARs during scanning can improve startup time and JSP compilation time.
03-May-2023 14:15:30.586 INFORMAÇÕES [http-nio-8888-exec-15] org.apache.catalina.startup.HostConfig.deployWAR Deployment of web application archive [C:\Users\Administrador\Desktop\Selenium-QA\DevOPs\apache-tomcat-8.5.50\webapps\tasks-backend.war] has finished in [12,554] ms
03-May-2023 14:15:46.648 INFORMAÇÕES [http-nio-8888-exec-20] org.apache.catalina.startup.HostConfig.undeploy Undeploying context [/tasks]
03-May-2023 14:15:46.900 INFORMAÇÕES [http-nio-8888-exec-22] org.apache.catalina.startup.HostConfig.deployWAR Deploying web application archive [C:\Users\Administrador\Desktop\Selenium-QA\DevOPs\apache-tomcat-8.5.50\webapps\tasks.war]
03-May-2023 14:15:54.382 INFORMAÇÕES [http-nio-8888-exec-22] org.apache.jasper.servlet.TldScanner.scanJars At least one JAR was scanned for TLDs yet contained no TLDs. Enable debug logging for this logger for a complete list of JARs that were scanned but no TLDs were found in them. Skipping unneeded JARs during scanning can improve startup time and JSP compilation time.
03-May-2023 14:15:54.395 INFORMAÇÕES [http-nio-8888-exec-22] org.apache.catalina.startup.HostConfig.deployWAR Deployment of web application archive [C:\Users\Administrador\Desktop\Selenium-QA\DevOPs\apache-tomcat-8.5.50\webapps\tasks.war] has finished in [7,494] ms
03-May-2023 14:16:07.751 INFORMAÇÕES [http-nio-8888-exec-19] org.apache.catalina.startup.HostConfig.undeploy Undeploying context [/tasks]
03-May-2023 14:16:07.944 INFORMAÇÕES [http-nio-8888-exec-21] org.apache.catalina.startup.HostConfig.deployWAR Deploying web application archive [C:\Users\Administrador\Desktop\Selenium-QA\DevOPs\apache-tomcat-8.5.50\webapps\tasks.war]
03-May-2023 14:16:15.182 INFORMAÇÕES [http-nio-8888-exec-21] org.apache.jasper.servlet.TldScanner.scanJars At least one JAR was scanned for TLDs yet contained no TLDs. Enable debug logging for this logger for a complete list of JARs that were scanned but no TLDs were found in them. Skipping unneeded JARs during scanning can improve startup time and JSP compilation time.
03-May-2023 14:16:15.192 INFORMAÇÕES [http-nio-8888-exec-21] org.apache.catalina.startup.HostConfig.deployWAR Deployment of web application archive [C:\Users\Administrador\Desktop\Selenium-QA\DevOPs\apache-tomcat-8.5.50\webapps\tasks.war] has finished in [7,247] ms
03-May-2023 16:51:56.698 INFORMAÇÕES [main] org.apache.catalina.startup.VersionLoggerListener.log Server version name:   Apache Tomcat/8.5.50
03-May-2023 16:51:56.701 INFORMAÇÕES [main] org.apache.catalina.startup.VersionLoggerListener.log Server built:          Dec 7 2019 19:19:46 UTC
03-May-2023 16:51:56.702 INFORMAÇÕES [main] org.apache.catalina.startup.VersionLoggerListener.log Server version number: 8.5.50.0
03-May-2023 16:51:56.702 INFORMAÇÕES [main] org.apache.catalina.startup.VersionLoggerListener.log OS Name:               Windows 10
03-May-2023 16:51:56.702 INFORMAÇÕES [main] org.apache.catalina.startup.VersionLoggerListener.log OS Version:            10.0
03-May-2023 16:51:56.702 INFORMAÇÕES [main] org.apache.catalina.startup.VersionLoggerListener.log Architecture:          x86
03-May-2023 16:51:56.702 INFORMAÇÕES [main] org.apache.catalina.startup.VersionLoggerListener.log Java Home:             C:\Program Files (x86)\Java\jre1.8.0_361
03-May-2023 16:51:56.703 INFORMAÇÕES [main] org.apache.catalina.startup.VersionLoggerListener.log JVM Version:           1.8.0_361-b09
03-May-2023 16:51:56.703 INFORMAÇÕES [main] org.apache.catalina.startup.VersionLoggerListener.log JVM Vendor:            Oracle Corporation
03-May-2023 16:51:56.703 INFORMAÇÕES [main] org.apache.catalina.startup.VersionLoggerListener.log CATALINA_BASE:         C:\Users\Administrador\Desktop\Selenium-QA\DevOPs\apache-tomcat-8.5.50
03-May-2023 16:51:56.703 INFORMAÇÕES [main] org.apache.catalina.startup.VersionLoggerListener.log CATALINA_HOME:         C:\Users\Administrador\Desktop\Selenium-QA\DevOPs\apache-tomcat-8.5.50
03-May-2023 16:51:56.703 INFORMAÇÕES [main] org.apache.catalina.startup.VersionLoggerListener.log Command line argument: -Djava.util.logging.config.file=C:\Users\Administrador\Desktop\Selenium-QA\DevOPs\apache-tomcat-8.5.50\conf\logging.properties
03-May-2023 16:51:56.703 INFORMAÇÕES [main] org.apache.catalina.startup.VersionLoggerListener.log Command line argument: -Djava.util.logging.manager=org.apache.juli.ClassLoaderLogManager
03-May-2023 16:51:56.703 INFORMAÇÕES [main] org.apache.catalina.startup.VersionLoggerListener.log Command line argument: -Djdk.tls.ephemeralDHKeySize=2048
03-May-2023 16:51:56.704 INFORMAÇÕES [main] org.apache.catalina.startup.VersionLoggerListener.log Command line argument: -Djava.protocol.handler.pkgs=org.apache.catalina.webresources
03-May-2023 16:51:56.704 INFORMAÇÕES [main] org.apache.catalina.startup.VersionLoggerListener.log Command line argument: -Dignore.endorsed.dirs=
03-May-2023 16:51:56.705 INFORMAÇÕES [main] org.apache.catalina.startup.VersionLoggerListener.log Command line argument: -Dcatalina.base=C:\Users\Administrador\Desktop\Selenium-QA\DevOPs\apache-tomcat-8.5.50
03-May-2023 16:51:56.705 INFORMAÇÕES [main] org.apache.catalina.startup.VersionLoggerListener.log Command line argument: -Dcatalina.home=C:\Users\Administrador\Desktop\Selenium-QA\DevOPs\apache-tomcat-8.5.50
03-May-2023 16:51:56.706 INFORMAÇÕES [main] org.apache.catalina.startup.VersionLoggerListener.log Command line argument: -Djava.io.tmpdir=C:\Users\Administrador\Desktop\Selenium-QA\DevOPs\apache-tomcat-8.5.50\temp
03-May-2023 16:51:56.706 INFORMAÇÕES [main] org.apache.catalina.core.AprLifecycleListener.lifecycleEvent The APR based Apache Tomcat Native library which allows optimal performance in production environments was not found on the java.library.path: [C:\Program Files (x86)\Java\jre1.8.0_361\bin;C:\Windows\Sun\Java\bin;C:\Windows\system32;C:\Windows;C:\Program Files (x86)\Java\jre1.8.0_361\bin;C:\Program Files\Java\jdk1.8.0_202\bin;C:\Program Files (x86)\Common Files\Oracle\Java\javapath;C:\Windows\system32;C:\Windows;C:\Windows\System32\Wbem;C:\Windows\System32\WindowsPowerShell\v1.0\;C:\Windows\System32\OpenSSH\;C:\Program Files\Git\cmd;C:\Program Files\dotnet\;C:\Program Files\Microsoft SQL Server\150\Tools\Binn\;C:\Program Files\Microsoft SQL Server\Client SDK\ODBC\170\Tools\Binn\;C:\allure-2.12.0\bin;C:\Program Files (x86)\Windows Kits\10\Windows Performance Toolkit\;C:\apache-maven-3.8.8\bin;C:\chromedriver.exe;C:\Users\vinicius\AppData\Local\Programs\Python\Python311;;C:\Program Files\Docker\Docker\resources\bin;C:\apache-maven-3.8.8\bin;C:\Users\Administrador\AppData\Local\Microsoft\WindowsApps;;C:\Users\Administrador\AppData\Local\Programs\Microsoft VS Code\bin;.]
03-May-2023 16:51:56.864 INFORMAÇÕES [main] org.apache.coyote.AbstractProtocol.init Initializing ProtocolHandler ["http-nio-8888"]
03-May-2023 16:51:57.135 INFORMAÇÕES [main] org.apache.tomcat.util.net.NioSelectorPool.getSharedSelector Using a shared selector for servlet write/read
03-May-2023 16:51:57.143 INFORMAÇÕES [main] org.apache.coyote.AbstractProtocol.init Initializing ProtocolHandler ["ajp-nio-8009"]
03-May-2023 16:51:57.146 INFORMAÇÕES [main] org.apache.tomcat.util.net.NioSelectorPool.getSharedSelector Using a shared selector for servlet write/read
03-May-2023 16:51:57.146 INFORMAÇÕES [main] org.apache.catalina.startup.Catalina.load Initialization processed in 863 ms
03-May-2023 16:51:57.199 INFORMAÇÕES [main] org.apache.catalina.core.StandardService.startInternal Starting service [Catalina]
03-May-2023 16:51:57.199 INFORMAÇÕES [main] org.apache.catalina.core.StandardEngine.startInternal Starting Servlet Engine: Apache Tomcat/8.5.50
03-May-2023 16:51:57.215 INFORMAÇÕES [localhost-startStop-1] org.apache.catalina.startup.HostConfig.deployWAR Deploying web application archive [C:\Users\Administrador\Desktop\Selenium-QA\DevOPs\apache-tomcat-8.5.50\webapps\tasks-backend.war]
03-May-2023 16:52:17.704 INFORMAÇÕES [localhost-startStop-1] org.apache.jasper.servlet.TldScanner.scanJars At least one JAR was scanned for TLDs yet contained no TLDs. Enable debug logging for this logger for a complete list of JARs that were scanned but no TLDs were found in them. Skipping unneeded JARs during scanning can improve startup time and JSP compilation time.
03-May-2023 16:52:17.783 INFORMAÇÕES [localhost-startStop-1] org.apache.catalina.startup.HostConfig.deployWAR Deployment of web application archive [C:\Users\Administrador\Desktop\Selenium-QA\DevOPs\apache-tomcat-8.5.50\webapps\tasks-backend.war] has finished in [20,567] ms
03-May-2023 16:52:17.786 INFORMAÇÕES [localhost-startStop-1] org.apache.catalina.startup.HostConfig.deployWAR Deploying web application archive [C:\Users\Administrador\Desktop\Selenium-QA\DevOPs\apache-tomcat-8.5.50\webapps\tasks.war]
03-May-2023 16:52:30.616 INFORMAÇÕES [localhost-startStop-1] org.apache.jasper.servlet.TldScanner.scanJars At least one JAR was scanned for TLDs yet contained no TLDs. Enable debug logging for this logger for a complete list of JARs that were scanned but no TLDs were found in them. Skipping unneeded JARs during scanning can improve startup time and JSP compilation time.
03-May-2023 16:52:30.632 INFORMAÇÕES [localhost-startStop-1] org.apache.catalina.startup.HostConfig.deployWAR Deployment of web application archive [C:\Users\Administrador\Desktop\Selenium-QA\DevOPs\apache-tomcat-8.5.50\webapps\tasks.war] has finished in [12,846] ms
03-May-2023 16:52:30.635 INFORMAÇÕES [localhost-startStop-1] org.apache.catalina.startup.HostConfig.deployDirectory Deploying web application directory [C:\Users\Administrador\Desktop\Selenium-QA\DevOPs\apache-tomcat-8.5.50\webapps\docs]
03-May-2023 16:52:30.684 INFORMAÇÕES [localhost-startStop-1] org.apache.catalina.startup.HostConfig.deployDirectory Deployment of web application directory [C:\Users\Administrador\Desktop\Selenium-QA\DevOPs\apache-tomcat-8.5.50\webapps\docs] has finished in [48] ms
03-May-2023 16:52:30.685 INFORMAÇÕES [localhost-startStop-1] org.apache.catalina.startup.HostConfig.deployDirectory Deploying web application directory [C:\Users\Administrador\Desktop\Selenium-QA\DevOPs\apache-tomcat-8.5.50\webapps\examples]
03-May-2023 16:52:31.426 INFORMAÇÕES [localhost-startStop-1] org.apache.catalina.startup.HostConfig.deployDirectory Deployment of web application directory [C:\Users\Administrador\Desktop\Selenium-QA\DevOPs\apache-tomcat-8.5.50\webapps\examples] has finished in [741] ms
03-May-2023 16:52:31.427 INFORMAÇÕES [localhost-startStop-1] org.apache.catalina.startup.HostConfig.deployDirectory Deploying web application directory [C:\Users\Administrador\Desktop\Selenium-QA\DevOPs\apache-tomcat-8.5.50\webapps\host-manager]
03-May-2023 16:52:31.493 INFORMAÇÕES [localhost-startStop-1] org.apache.catalina.startup.HostConfig.deployDirectory Deployment of web application directory [C:\Users\Administrador\Desktop\Selenium-QA\DevOPs\apache-tomcat-8.5.50\webapps\host-manager] has finished in [67] ms
03-May-2023 16:52:31.493 INFORMAÇÕES [localhost-startStop-1] org.apache.catalina.startup.HostConfig.deployDirectory Deploying web application directory [C:\Users\Administrador\Desktop\Selenium-QA\DevOPs\apache-tomcat-8.5.50\webapps\manager]
03-May-2023 16:52:31.546 INFORMAÇÕES [localhost-startStop-1] org.apache.catalina.startup.HostConfig.deployDirectory Deployment of web application directory [C:\Users\Administrador\Desktop\Selenium-QA\DevOPs\apache-tomcat-8.5.50\webapps\manager] has finished in [52] ms
03-May-2023 16:52:31.547 INFORMAÇÕES [localhost-startStop-1] org.apache.catalina.startup.HostConfig.deployDirectory Deploying web application directory [C:\Users\Administrador\Desktop\Selenium-QA\DevOPs\apache-tomcat-8.5.50\webapps\ROOT]
03-May-2023 16:52:31.588 INFORMAÇÕES [localhost-startStop-1] org.apache.catalina.startup.HostConfig.deployDirectory Deployment of web application directory [C:\Users\Administrador\Desktop\Selenium-QA\DevOPs\apache-tomcat-8.5.50\webapps\ROOT] has finished in [41] ms
03-May-2023 16:52:31.597 INFORMAÇÕES [main] org.apache.coyote.AbstractProtocol.start Starting ProtocolHandler ["http-nio-8888"]
03-May-2023 16:52:31.620 INFORMAÇÕES [main] org.apache.coyote.AbstractProtocol.start Starting ProtocolHandler ["ajp-nio-8009"]
03-May-2023 16:52:31.625 INFORMAÇÕES [main] org.apache.catalina.startup.Catalina.start Server startup in 34478 ms
03-May-2023 16:53:36.197 ADVERTÊNCIA [http-nio-8888-exec-8] org.apache.catalina.loader.WebappClassLoaderBase.clearReferencesJdbc The web application [tasks-backend] registered the JDBC driver [org.postgresql.Driver] but failed to unregister it when the web application was stopped. To prevent a memory leak, the JDBC Driver has been forcibly unregistered.
03-May-2023 16:53:36.792 INFORMAÇÕES [http-nio-8888-exec-8] org.apache.catalina.startup.HostConfig.undeploy Undeploying context [/tasks-backend]
03-May-2023 16:53:37.241 INFORMAÇÕES [http-nio-8888-exec-5] org.apache.catalina.startup.HostConfig.deployWAR Deploying web application archive [C:\Users\Administrador\Desktop\Selenium-QA\DevOPs\apache-tomcat-8.5.50\webapps\tasks-backend.war]
03-May-2023 16:53:50.877 INFORMAÇÕES [http-nio-8888-exec-5] org.apache.jasper.servlet.TldScanner.scanJars At least one JAR was scanned for TLDs yet contained no TLDs. Enable debug logging for this logger for a complete list of JARs that were scanned but no TLDs were found in them. Skipping unneeded JARs during scanning can improve startup time and JSP compilation time.
03-May-2023 16:53:50.889 INFORMAÇÕES [http-nio-8888-exec-5] org.apache.catalina.startup.HostConfig.deployWAR Deployment of web application archive [C:\Users\Administrador\Desktop\Selenium-QA\DevOPs\apache-tomcat-8.5.50\webapps\tasks-backend.war] has finished in [13,648] ms
03-May-2023 16:54:05.512 INFORMAÇÕES [http-nio-8888-exec-6] org.apache.catalina.startup.HostConfig.undeploy Undeploying context [/tasks]
03-May-2023 16:54:05.761 INFORMAÇÕES [http-nio-8888-exec-12] org.apache.catalina.startup.HostConfig.deployWAR Deploying web application archive [C:\Users\Administrador\Desktop\Selenium-QA\DevOPs\apache-tomcat-8.5.50\webapps\tasks.war]
03-May-2023 16:54:13.362 INFORMAÇÕES [http-nio-8888-exec-12] org.apache.jasper.servlet.TldScanner.scanJars At least one JAR was scanned for TLDs yet contained no TLDs. Enable debug logging for this logger for a complete list of JARs that were scanned but no TLDs were found in them. Skipping unneeded JARs during scanning can improve startup time and JSP compilation time.
03-May-2023 16:54:13.372 INFORMAÇÕES [http-nio-8888-exec-12] org.apache.catalina.startup.HostConfig.deployWAR Deployment of web application archive [C:\Users\Administrador\Desktop\Selenium-QA\DevOPs\apache-tomcat-8.5.50\webapps\tasks.war] has finished in [7,611] ms
03-May-2023 17:00:30.508 ADVERTÊNCIA [http-nio-8888-exec-16] org.apache.catalina.loader.WebappClassLoaderBase.clearReferencesJdbc The web application [tasks-backend] registered the JDBC driver [org.postgresql.Driver] but failed to unregister it when the web application was stopped. To prevent a memory leak, the JDBC Driver has been forcibly unregistered.
03-May-2023 17:00:31.093 INFORMAÇÕES [http-nio-8888-exec-16] org.apache.catalina.startup.HostConfig.undeploy Undeploying context [/tasks-backend]
03-May-2023 17:00:31.571 INFORMAÇÕES [http-nio-8888-exec-15] org.apache.catalina.startup.HostConfig.deployWAR Deploying web application archive [C:\Users\Administrador\Desktop\Selenium-QA\DevOPs\apache-tomcat-8.5.50\webapps\tasks-backend.war]
03-May-2023 17:00:44.156 INFORMAÇÕES [http-nio-8888-exec-15] org.apache.jasper.servlet.TldScanner.scanJars At least one JAR was scanned for TLDs yet contained no TLDs. Enable debug logging for this logger for a complete list of JARs that were scanned but no TLDs were found in them. Skipping unneeded JARs during scanning can improve startup time and JSP compilation time.
03-May-2023 17:00:44.170 INFORMAÇÕES [http-nio-8888-exec-15] org.apache.catalina.startup.HostConfig.deployWAR Deployment of web application archive [C:\Users\Administrador\Desktop\Selenium-QA\DevOPs\apache-tomcat-8.5.50\webapps\tasks-backend.war] has finished in [12,600] ms
03-May-2023 17:01:00.709 INFORMAÇÕES [http-nio-8888-exec-14] org.apache.catalina.startup.HostConfig.undeploy Undeploying context [/tasks]
03-May-2023 17:01:00.835 INFORMAÇÕES [http-nio-8888-exec-24] org.apache.catalina.startup.HostConfig.deployWAR Deploying web application archive [C:\Users\Administrador\Desktop\Selenium-QA\DevOPs\apache-tomcat-8.5.50\webapps\tasks.war]
03-May-2023 17:01:07.518 INFORMAÇÕES [http-nio-8888-exec-24] org.apache.jasper.servlet.TldScanner.scanJars At least one JAR was scanned for TLDs yet contained no TLDs. Enable debug logging for this logger for a complete list of JARs that were scanned but no TLDs were found in them. Skipping unneeded JARs during scanning can improve startup time and JSP compilation time.
03-May-2023 17:01:07.533 INFORMAÇÕES [http-nio-8888-exec-24] org.apache.catalina.startup.HostConfig.deployWAR Deployment of web application archive [C:\Users\Administrador\Desktop\Selenium-QA\DevOPs\apache-tomcat-8.5.50\webapps\tasks.war] has finished in [6,698] ms
03-May-2023 18:25:48.424 INFORMAÇÕES [main] org.apache.catalina.startup.VersionLoggerListener.log Server version name:   Apache Tomcat/8.5.50
03-May-2023 18:25:48.425 INFORMAÇÕES [main] org.apache.catalina.startup.VersionLoggerListener.log Server built:          Dec 7 2019 19:19:46 UTC
03-May-2023 18:25:48.425 INFORMAÇÕES [main] org.apache.catalina.startup.VersionLoggerListener.log Server version number: 8.5.50.0
03-May-2023 18:25:48.426 INFORMAÇÕES [main] org.apache.catalina.startup.VersionLoggerListener.log OS Name:               Windows 10
03-May-2023 18:25:48.426 INFORMAÇÕES [main] org.apache.catalina.startup.VersionLoggerListener.log OS Version:            10.0
03-May-2023 18:25:48.426 INFORMAÇÕES [main] org.apache.catalina.startup.VersionLoggerListener.log Architecture:          x86
03-May-2023 18:25:48.426 INFORMAÇÕES [main] org.apache.catalina.startup.VersionLoggerListener.log Java Home:             C:\Program Files (x86)\Java\jre1.8.0_361
03-May-2023 18:25:48.426 INFORMAÇÕES [main] org.apache.catalina.startup.VersionLoggerListener.log JVM Version:           1.8.0_361-b09
03-May-2023 18:25:48.426 INFORMAÇÕES [main] org.apache.catalina.startup.VersionLoggerListener.log JVM Vendor:            Oracle Corporation
03-May-2023 18:25:48.426 INFORMAÇÕES [main] org.apache.catalina.startup.VersionLoggerListener.log CATALINA_BASE:         C:\Users\Administrador\Desktop\Selenium-QA\DevOPs\apache-tomcat-8.5.50
03-May-2023 18:25:48.426 INFORMAÇÕES [main] org.apache.catalina.startup.VersionLoggerListener.log CATALINA_HOME:         C:\Users\Administrador\Desktop\Selenium-QA\DevOPs\apache-tomcat-8.5.50
03-May-2023 18:25:48.427 INFORMAÇÕES [main] org.apache.catalina.startup.VersionLoggerListener.log Command line argument: -Djava.util.logging.config.file=C:\Users\Administrador\Desktop\Selenium-QA\DevOPs\apache-tomcat-8.5.50\conf\logging.properties
03-May-2023 18:25:48.427 INFORMAÇÕES [main] org.apache.catalina.startup.VersionLoggerListener.log Command line argument: -Djava.util.logging.manager=org.apache.juli.ClassLoaderLogManager
03-May-2023 18:25:48.427 INFORMAÇÕES [main] org.apache.catalina.startup.VersionLoggerListener.log Command line argument: -Djdk.tls.ephemeralDHKeySize=2048
03-May-2023 18:25:48.427 INFORMAÇÕES [main] org.apache.catalina.startup.VersionLoggerListener.log Command line argument: -Djava.protocol.handler.pkgs=org.apache.catalina.webresources
03-May-2023 18:25:48.427 INFORMAÇÕES [main] org.apache.catalina.startup.VersionLoggerListener.log Command line argument: -Dignore.endorsed.dirs=
03-May-2023 18:25:48.428 INFORMAÇÕES [main] org.apache.catalina.startup.VersionLoggerListener.log Command line argument: -Dcatalina.base=C:\Users\Administrador\Desktop\Selenium-QA\DevOPs\apache-tomcat-8.5.50
03-May-2023 18:25:48.428 INFORMAÇÕES [main] org.apache.catalina.startup.VersionLoggerListener.log Command line argument: -Dcatalina.home=C:\Users\Administrador\Desktop\Selenium-QA\DevOPs\apache-tomcat-8.5.50
03-May-2023 18:25:48.428 INFORMAÇÕES [main] org.apache.catalina.startup.VersionLoggerListener.log Command line argument: -Djava.io.tmpdir=C:\Users\Administrador\Desktop\Selenium-QA\DevOPs\apache-tomcat-8.5.50\temp
03-May-2023 18:25:48.429 INFORMAÇÕES [main] org.apache.catalina.core.AprLifecycleListener.lifecycleEvent The APR based Apache Tomcat Native library which allows optimal performance in production environments was not found on the java.library.path: [C:\Program Files (x86)\Java\jre1.8.0_361\bin;C:\Windows\Sun\Java\bin;C:\Windows\system32;C:\Windows;C:\Program Files (x86)\Java\jre1.8.0_361\bin;C:\Program Files\Java\jdk1.8.0_202\bin;C:\Program Files (x86)\Common Files\Oracle\Java\javapath;C:\Windows\system32;C:\Windows;C:\Windows\System32\Wbem;C:\Windows\System32\WindowsPowerShell\v1.0\;C:\Windows\System32\OpenSSH\;C:\Program Files\Git\cmd;C:\Program Files\dotnet\;C:\Program Files\Microsoft SQL Server\150\Tools\Binn\;C:\Program Files\Microsoft SQL Server\Client SDK\ODBC\170\Tools\Binn\;C:\allure-2.12.0\bin;C:\Program Files (x86)\Windows Kits\10\Windows Performance Toolkit\;C:\apache-maven-3.8.8\bin;C:\chromedriver.exe;C:\Users\vinicius\AppData\Local\Programs\Python\Python311;;C:\Program Files\Docker\Docker\resources\bin;C:\apache-maven-3.8.8\bin;C:\Users\Administrador\AppData\Local\Microsoft\WindowsApps;;C:\Users\Administrador\AppData\Local\Programs\Microsoft VS Code\bin;.]
03-May-2023 18:25:48.616 INFORMAÇÕES [main] org.apache.coyote.AbstractProtocol.init Initializing ProtocolHandler ["http-nio-8888"]
03-May-2023 18:25:48.939 INFORMAÇÕES [main] org.apache.tomcat.util.net.NioSelectorPool.getSharedSelector Using a shared selector for servlet write/read
03-May-2023 18:25:48.946 INFORMAÇÕES [main] org.apache.coyote.AbstractProtocol.init Initializing ProtocolHandler ["ajp-nio-8009"]
03-May-2023 18:25:48.948 INFORMAÇÕES [main] org.apache.tomcat.util.net.NioSelectorPool.getSharedSelector Using a shared selector for servlet write/read
03-May-2023 18:25:48.949 INFORMAÇÕES [main] org.apache.catalina.startup.Catalina.load Initialization processed in 888 ms
03-May-2023 18:25:49.000 INFORMAÇÕES [main] org.apache.catalina.core.StandardService.startInternal Starting service [Catalina]
03-May-2023 18:25:49.001 INFORMAÇÕES [main] org.apache.catalina.core.StandardEngine.startInternal Starting Servlet Engine: Apache Tomcat/8.5.50
03-May-2023 18:25:49.018 INFORMAÇÕES [localhost-startStop-1] org.apache.catalina.startup.HostConfig.deployWAR Deploying web application archive [C:\Users\Administrador\Desktop\Selenium-QA\DevOPs\apache-tomcat-8.5.50\webapps\tasks-backend.war]
03-May-2023 18:26:04.560 INFORMAÇÕES [localhost-startStop-1] org.apache.jasper.servlet.TldScanner.scanJars At least one JAR was scanned for TLDs yet contained no TLDs. Enable debug logging for this logger for a complete list of JARs that were scanned but no TLDs were found in them. Skipping unneeded JARs during scanning can improve startup time and JSP compilation time.
03-May-2023 18:26:04.654 INFORMAÇÕES [localhost-startStop-1] org.apache.catalina.startup.HostConfig.deployWAR Deployment of web application archive [C:\Users\Administrador\Desktop\Selenium-QA\DevOPs\apache-tomcat-8.5.50\webapps\tasks-backend.war] has finished in [15,635] ms
03-May-2023 18:26:04.656 INFORMAÇÕES [localhost-startStop-1] org.apache.catalina.startup.HostConfig.deployWAR Deploying web application archive [C:\Users\Administrador\Desktop\Selenium-QA\DevOPs\apache-tomcat-8.5.50\webapps\tasks.war]
03-May-2023 18:26:14.895 INFORMAÇÕES [localhost-startStop-1] org.apache.jasper.servlet.TldScanner.scanJars At least one JAR was scanned for TLDs yet contained no TLDs. Enable debug logging for this logger for a complete list of JARs that were scanned but no TLDs were found in them. Skipping unneeded JARs during scanning can improve startup time and JSP compilation time.
03-May-2023 18:26:14.907 INFORMAÇÕES [localhost-startStop-1] org.apache.catalina.startup.HostConfig.deployWAR Deployment of web application archive [C:\Users\Administrador\Desktop\Selenium-QA\DevOPs\apache-tomcat-8.5.50\webapps\tasks.war] has finished in [10,251] ms
03-May-2023 18:26:14.909 INFORMAÇÕES [localhost-startStop-1] org.apache.catalina.startup.HostConfig.deployDirectory Deploying web application directory [C:\Users\Administrador\Desktop\Selenium-QA\DevOPs\apache-tomcat-8.5.50\webapps\docs]
03-May-2023 18:26:14.943 INFORMAÇÕES [localhost-startStop-1] org.apache.catalina.startup.HostConfig.deployDirectory Deployment of web application directory [C:\Users\Administrador\Desktop\Selenium-QA\DevOPs\apache-tomcat-8.5.50\webapps\docs] has finished in [33] ms
03-May-2023 18:26:14.943 INFORMAÇÕES [localhost-startStop-1] org.apache.catalina.startup.HostConfig.deployDirectory Deploying web application directory [C:\Users\Administrador\Desktop\Selenium-QA\DevOPs\apache-tomcat-8.5.50\webapps\examples]
03-May-2023 18:26:15.513 INFORMAÇÕES [localhost-startStop-1] org.apache.catalina.startup.HostConfig.deployDirectory Deployment of web application directory [C:\Users\Administrador\Desktop\Selenium-QA\DevOPs\apache-tomcat-8.5.50\webapps\examples] has finished in [570] ms
03-May-2023 18:26:15.526 INFORMAÇÕES [localhost-startStop-1] org.apache.catalina.startup.HostConfig.deployDirectory Deploying web application directory [C:\Users\Administrador\Desktop\Selenium-QA\DevOPs\apache-tomcat-8.5.50\webapps\host-manager]
03-May-2023 18:26:15.588 INFORMAÇÕES [localhost-startStop-1] org.apache.catalina.startup.HostConfig.deployDirectory Deployment of web application directory [C:\Users\Administrador\Desktop\Selenium-QA\DevOPs\apache-tomcat-8.5.50\webapps\host-manager] has finished in [62] ms
03-May-2023 18:26:15.588 INFORMAÇÕES [localhost-startStop-1] org.apache.catalina.startup.HostConfig.deployDirectory Deploying web application directory [C:\Users\Administrador\Desktop\Selenium-QA\DevOPs\apache-tomcat-8.5.50\webapps\manager]
03-May-2023 18:26:15.625 INFORMAÇÕES [localhost-startStop-1] org.apache.catalina.startup.HostConfig.deployDirectory Deployment of web application directory [C:\Users\Administrador\Desktop\Selenium-QA\DevOPs\apache-tomcat-8.5.50\webapps\manager] has finished in [37] ms
03-May-2023 18:26:15.625 INFORMAÇÕES [localhost-startStop-1] org.apache.catalina.startup.HostConfig.deployDirectory Deploying web application directory [C:\Users\Administrador\Desktop\Selenium-QA\DevOPs\apache-tomcat-8.5.50\webapps\ROOT]
03-May-2023 18:26:15.654 INFORMAÇÕES [localhost-startStop-1] org.apache.catalina.startup.HostConfig.deployDirectory Deployment of web application directory [C:\Users\Administrador\Desktop\Selenium-QA\DevOPs\apache-tomcat-8.5.50\webapps\ROOT] has finished in [29] ms
03-May-2023 18:26:15.662 INFORMAÇÕES [main] org.apache.coyote.AbstractProtocol.start Starting ProtocolHandler ["http-nio-8888"]
03-May-2023 18:26:15.685 INFORMAÇÕES [main] org.apache.coyote.AbstractProtocol.start Starting ProtocolHandler ["ajp-nio-8009"]
03-May-2023 18:26:15.690 INFORMAÇÕES [main] org.apache.catalina.startup.Catalina.start Server startup in 26741 ms
03-May-2023 18:29:17.829 ADVERTÊNCIA [http-nio-8888-exec-8] org.apache.catalina.loader.WebappClassLoaderBase.clearReferencesJdbc The web application [tasks-backend] registered the JDBC driver [org.postgresql.Driver] but failed to unregister it when the web application was stopped. To prevent a memory leak, the JDBC Driver has been forcibly unregistered.
03-May-2023 18:29:18.464 INFORMAÇÕES [http-nio-8888-exec-8] org.apache.catalina.startup.HostConfig.undeploy Undeploying context [/tasks-backend]
03-May-2023 18:29:18.923 INFORMAÇÕES [http-nio-8888-exec-7] org.apache.catalina.startup.HostConfig.deployWAR Deploying web application archive [C:\Users\Administrador\Desktop\Selenium-QA\DevOPs\apache-tomcat-8.5.50\webapps\tasks-backend.war]
03-May-2023 18:29:36.282 INFORMAÇÕES [http-nio-8888-exec-7] org.apache.jasper.servlet.TldScanner.scanJars At least one JAR was scanned for TLDs yet contained no TLDs. Enable debug logging for this logger for a complete list of JARs that were scanned but no TLDs were found in them. Skipping unneeded JARs during scanning can improve startup time and JSP compilation time.
03-May-2023 18:29:36.298 INFORMAÇÕES [http-nio-8888-exec-7] org.apache.catalina.startup.HostConfig.deployWAR Deployment of web application archive [C:\Users\Administrador\Desktop\Selenium-QA\DevOPs\apache-tomcat-8.5.50\webapps\tasks-backend.war] has finished in [17,374] ms
03-May-2023 18:29:57.277 INFORMAÇÕES [http-nio-8888-exec-10] org.apache.catalina.startup.HostConfig.undeploy Undeploying context [/tasks]
03-May-2023 18:29:57.729 INFORMAÇÕES [http-nio-8888-exec-1] org.apache.catalina.startup.HostConfig.deployWAR Deploying web application archive [C:\Users\Administrador\Desktop\Selenium-QA\DevOPs\apache-tomcat-8.5.50\webapps\tasks.war]
03-May-2023 18:30:06.912 INFORMAÇÕES [http-nio-8888-exec-1] org.apache.jasper.servlet.TldScanner.scanJars At least one JAR was scanned for TLDs yet contained no TLDs. Enable debug logging for this logger for a complete list of JARs that were scanned but no TLDs were found in them. Skipping unneeded JARs during scanning can improve startup time and JSP compilation time.
03-May-2023 18:30:06.925 INFORMAÇÕES [http-nio-8888-exec-1] org.apache.catalina.startup.HostConfig.deployWAR Deployment of web application archive [C:\Users\Administrador\Desktop\Selenium-QA\DevOPs\apache-tomcat-8.5.50\webapps\tasks.war] has finished in [9,195] ms
03-May-2023 23:12:32.189 ADVERTÊNCIA [http-nio-8888-exec-15] org.apache.catalina.loader.WebappClassLoaderBase.clearReferencesJdbc The web application [tasks-backend] registered the JDBC driver [org.postgresql.Driver] but failed to unregister it when the web application was stopped. To prevent a memory leak, the JDBC Driver has been forcibly unregistered.
03-May-2023 23:12:32.776 INFORMAÇÕES [http-nio-8888-exec-15] org.apache.catalina.startup.HostConfig.undeploy Undeploying context [/tasks-backend]
03-May-2023 23:12:33.153 INFORMAÇÕES [http-nio-8888-exec-14] org.apache.catalina.startup.HostConfig.deployWAR Deploying web application archive [C:\Users\Administrador\Desktop\Selenium-QA\DevOPs\apache-tomcat-8.5.50\webapps\tasks-backend.war]
03-May-2023 23:12:46.949 INFORMAÇÕES [http-nio-8888-exec-14] org.apache.jasper.servlet.TldScanner.scanJars At least one JAR was scanned for TLDs yet contained no TLDs. Enable debug logging for this logger for a complete list of JARs that were scanned but no TLDs were found in them. Skipping unneeded JARs during scanning can improve startup time and JSP compilation time.
03-May-2023 23:12:46.965 INFORMAÇÕES [http-nio-8888-exec-14] org.apache.catalina.startup.HostConfig.deployWAR Deployment of web application archive [C:\Users\Administrador\Desktop\Selenium-QA\DevOPs\apache-tomcat-8.5.50\webapps\tasks-backend.war] has finished in [13,813] ms
03-May-2023 23:13:05.275 INFORMAÇÕES [http-nio-8888-exec-20] org.apache.catalina.startup.HostConfig.undeploy Undeploying context [/tasks]
03-May-2023 23:13:05.462 INFORMAÇÕES [http-nio-8888-exec-21] org.apache.catalina.startup.HostConfig.deployWAR Deploying web application archive [C:\Users\Administrador\Desktop\Selenium-QA\DevOPs\apache-tomcat-8.5.50\webapps\tasks.war]
03-May-2023 23:13:10.916 INFORMAÇÕES [http-nio-8888-exec-21] org.apache.jasper.servlet.TldScanner.scanJars At least one JAR was scanned for TLDs yet contained no TLDs. Enable debug logging for this logger for a complete list of JARs that were scanned but no TLDs were found in them. Skipping unneeded JARs during scanning can improve startup time and JSP compilation time.
03-May-2023 23:13:10.923 INFORMAÇÕES [http-nio-8888-exec-21] org.apache.catalina.startup.HostConfig.deployWAR Deployment of web application archive [C:\Users\Administrador\Desktop\Selenium-QA\DevOPs\apache-tomcat-8.5.50\webapps\tasks.war] has finished in [5,461] ms
03-May-2023 23:50:03.565 ADVERTÊNCIA [http-nio-8888-exec-29] org.apache.catalina.loader.WebappClassLoaderBase.clearReferencesJdbc The web application [tasks-backend] registered the JDBC driver [org.postgresql.Driver] but failed to unregister it when the web application was stopped. To prevent a memory leak, the JDBC Driver has been forcibly unregistered.
03-May-2023 23:50:04.141 INFORMAÇÕES [http-nio-8888-exec-29] org.apache.catalina.startup.HostConfig.undeploy Undeploying context [/tasks-backend]
03-May-2023 23:50:04.521 INFORMAÇÕES [http-nio-8888-exec-28] org.apache.catalina.startup.HostConfig.deployWAR Deploying web application archive [C:\Users\Administrador\Desktop\Selenium-QA\DevOPs\apache-tomcat-8.5.50\webapps\tasks-backend.war]
03-May-2023 23:50:13.452 INFORMAÇÕES [http-nio-8888-exec-28] org.apache.jasper.servlet.TldScanner.scanJars At least one JAR was scanned for TLDs yet contained no TLDs. Enable debug logging for this logger for a complete list of JARs that were scanned but no TLDs were found in them. Skipping unneeded JARs during scanning can improve startup time and JSP compilation time.
03-May-2023 23:50:13.466 INFORMAÇÕES [http-nio-8888-exec-28] org.apache.catalina.startup.HostConfig.deployWAR Deployment of web application archive [C:\Users\Administrador\Desktop\Selenium-QA\DevOPs\apache-tomcat-8.5.50\webapps\tasks-backend.war] has finished in [8,944] ms
03-May-2023 23:50:29.944 INFORMAÇÕES [http-nio-8888-exec-35] org.apache.catalina.startup.HostConfig.undeploy Undeploying context [/tasks]
03-May-2023 23:50:30.103 INFORMAÇÕES [http-nio-8888-exec-36] org.apache.catalina.startup.HostConfig.deployWAR Deploying web application archive [C:\Users\Administrador\Desktop\Selenium-QA\DevOPs\apache-tomcat-8.5.50\webapps\tasks.war]
03-May-2023 23:50:35.884 INFORMAÇÕES [http-nio-8888-exec-36] org.apache.jasper.servlet.TldScanner.scanJars At least one JAR was scanned for TLDs yet contained no TLDs. Enable debug logging for this logger for a complete list of JARs that were scanned but no TLDs were found in them. Skipping unneeded JARs during scanning can improve startup time and JSP compilation time.
03-May-2023 23:50:35.894 INFORMAÇÕES [http-nio-8888-exec-36] org.apache.catalina.startup.HostConfig.deployWAR Deployment of web application archive [C:\Users\Administrador\Desktop\Selenium-QA\DevOPs\apache-tomcat-8.5.50\webapps\tasks.war] has finished in [5,791] ms
