01-May-2023 17:59:15.899 INFORMAÇÕES [main] org.apache.catalina.startup.VersionLoggerListener.log Server version name:   Apache Tomcat/8.5.50
01-May-2023 17:59:15.903 INFORMAÇÕES [main] org.apache.catalina.startup.VersionLoggerListener.log Server built:          Dec 7 2019 19:19:46 UTC
01-May-2023 17:59:15.904 INFORMAÇÕES [main] org.apache.catalina.startup.VersionLoggerListener.log Server version number: 8.5.50.0
01-May-2023 17:59:15.905 INFORMAÇÕES [main] org.apache.catalina.startup.VersionLoggerListener.log OS Name:               Windows 10
01-May-2023 17:59:15.905 INFORMAÇÕES [main] org.apache.catalina.startup.VersionLoggerListener.log OS Version:            10.0
01-May-2023 17:59:15.905 INFORMAÇÕES [main] org.apache.catalina.startup.VersionLoggerListener.log Architecture:          x86
01-May-2023 17:59:15.905 INFORMAÇÕES [main] org.apache.catalina.startup.VersionLoggerListener.log Java Home:             C:\Program Files (x86)\Java\jre1.8.0_361
01-May-2023 17:59:15.905 INFORMAÇÕES [main] org.apache.catalina.startup.VersionLoggerListener.log JVM Version:           1.8.0_361-b09
01-May-2023 17:59:15.906 INFORMAÇÕES [main] org.apache.catalina.startup.VersionLoggerListener.log JVM Vendor:            Oracle Corporation
01-May-2023 17:59:15.906 INFORMAÇÕES [main] org.apache.catalina.startup.VersionLoggerListener.log CATALINA_BASE:         C:\Users\Administrador\Desktop\Selenium-QA\DevOPs\apache-tomcat-8.5.50
01-May-2023 17:59:15.906 INFORMAÇÕES [main] org.apache.catalina.startup.VersionLoggerListener.log CATALINA_HOME:         C:\Users\Administrador\Desktop\Selenium-QA\DevOPs\apache-tomcat-8.5.50
01-May-2023 17:59:15.906 INFORMAÇÕES [main] org.apache.catalina.startup.VersionLoggerListener.log Command line argument: -Djava.util.logging.config.file=C:\Users\Administrador\Desktop\Selenium-QA\DevOPs\apache-tomcat-8.5.50\conf\logging.properties
01-May-2023 17:59:15.907 INFORMAÇÕES [main] org.apache.catalina.startup.VersionLoggerListener.log Command line argument: -Djava.util.logging.manager=org.apache.juli.ClassLoaderLogManager
01-May-2023 17:59:15.907 INFORMAÇÕES [main] org.apache.catalina.startup.VersionLoggerListener.log Command line argument: -Djdk.tls.ephemeralDHKeySize=2048
01-May-2023 17:59:15.907 INFORMAÇÕES [main] org.apache.catalina.startup.VersionLoggerListener.log Command line argument: -Djava.protocol.handler.pkgs=org.apache.catalina.webresources
01-May-2023 17:59:15.907 INFORMAÇÕES [main] org.apache.catalina.startup.VersionLoggerListener.log Command line argument: -Dignore.endorsed.dirs=
01-May-2023 17:59:15.908 INFORMAÇÕES [main] org.apache.catalina.startup.VersionLoggerListener.log Command line argument: -Dcatalina.base=C:\Users\Administrador\Desktop\Selenium-QA\DevOPs\apache-tomcat-8.5.50
01-May-2023 17:59:15.908 INFORMAÇÕES [main] org.apache.catalina.startup.VersionLoggerListener.log Command line argument: -Dcatalina.home=C:\Users\Administrador\Desktop\Selenium-QA\DevOPs\apache-tomcat-8.5.50
01-May-2023 17:59:15.909 INFORMAÇÕES [main] org.apache.catalina.startup.VersionLoggerListener.log Command line argument: -Djava.io.tmpdir=C:\Users\Administrador\Desktop\Selenium-QA\DevOPs\apache-tomcat-8.5.50\temp
01-May-2023 17:59:15.909 INFORMAÇÕES [main] org.apache.catalina.core.AprLifecycleListener.lifecycleEvent The APR based Apache Tomcat Native library which allows optimal performance in production environments was not found on the java.library.path: [C:\Program Files (x86)\Java\jre1.8.0_361\bin;C:\Windows\Sun\Java\bin;C:\Windows\system32;C:\Windows;C:\Program Files (x86)\Java\jre1.8.0_361\bin;C:\Program Files\Java\jdk1.8.0_202\bin;C:\Program Files (x86)\Common Files\Oracle\Java\javapath;C:\Windows\system32;C:\Windows;C:\Windows\System32\Wbem;C:\Windows\System32\WindowsPowerShell\v1.0\;C:\Windows\System32\OpenSSH\;C:\Program Files\Git\cmd;C:\Program Files\dotnet\;C:\Program Files\Microsoft SQL Server\150\Tools\Binn\;C:\Program Files\Microsoft SQL Server\Client SDK\ODBC\170\Tools\Binn\;C:\allure-2.12.0\bin;C:\Program Files (x86)\Windows Kits\10\Windows Performance Toolkit\;%MAVEN_HOME%\bin;C:\chromedriver.exe;C:\Users\vinicius\AppData\Local\Programs\Python\Python311;;C:\Program Files\Docker\Docker\resources\bin;C:\Users\Administrador\AppData\Local\Microsoft\WindowsApps;;C:\Users\Administrador\AppData\Local\Programs\Microsoft VS Code\bin;.]
01-May-2023 17:59:16.000 INFORMAÇÕES [main] org.apache.coyote.AbstractProtocol.init Initializing ProtocolHandler ["http-nio-8888"]
01-May-2023 17:59:16.245 INFORMAÇÕES [main] org.apache.tomcat.util.net.NioSelectorPool.getSharedSelector Using a shared selector for servlet write/read
01-May-2023 17:59:16.252 INFORMAÇÕES [main] org.apache.coyote.AbstractProtocol.init Initializing ProtocolHandler ["ajp-nio-8009"]
01-May-2023 17:59:16.254 INFORMAÇÕES [main] org.apache.tomcat.util.net.NioSelectorPool.getSharedSelector Using a shared selector for servlet write/read
01-May-2023 17:59:16.255 INFORMAÇÕES [main] org.apache.catalina.startup.Catalina.load Initialization processed in 568 ms
01-May-2023 17:59:16.300 INFORMAÇÕES [main] org.apache.catalina.core.StandardService.startInternal Starting service [Catalina]
01-May-2023 17:59:16.301 INFORMAÇÕES [main] org.apache.catalina.core.StandardEngine.startInternal Starting Servlet Engine: Apache Tomcat/8.5.50
01-May-2023 17:59:16.309 INFORMAÇÕES [localhost-startStop-1] org.apache.catalina.startup.HostConfig.deployDirectory Deploying web application directory [C:\Users\Administrador\Desktop\Selenium-QA\DevOPs\apache-tomcat-8.5.50\webapps\docs]
01-May-2023 17:59:16.459 INFORMAÇÕES [localhost-startStop-1] org.apache.catalina.startup.HostConfig.deployDirectory Deployment of web application directory [C:\Users\Administrador\Desktop\Selenium-QA\DevOPs\apache-tomcat-8.5.50\webapps\docs] has finished in [149] ms
01-May-2023 17:59:16.459 INFORMAÇÕES [localhost-startStop-1] org.apache.catalina.startup.HostConfig.deployDirectory Deploying web application directory [C:\Users\Administrador\Desktop\Selenium-QA\DevOPs\apache-tomcat-8.5.50\webapps\examples]
01-May-2023 17:59:16.694 INFORMAÇÕES [localhost-startStop-1] org.apache.catalina.startup.HostConfig.deployDirectory Deployment of web application directory [C:\Users\Administrador\Desktop\Selenium-QA\DevOPs\apache-tomcat-8.5.50\webapps\examples] has finished in [235] ms
01-May-2023 17:59:16.695 INFORMAÇÕES [localhost-startStop-1] org.apache.catalina.startup.HostConfig.deployDirectory Deploying web application directory [C:\Users\Administrador\Desktop\Selenium-QA\DevOPs\apache-tomcat-8.5.50\webapps\host-manager]
01-May-2023 17:59:16.728 INFORMAÇÕES [localhost-startStop-1] org.apache.catalina.startup.HostConfig.deployDirectory Deployment of web application directory [C:\Users\Administrador\Desktop\Selenium-QA\DevOPs\apache-tomcat-8.5.50\webapps\host-manager] has finished in [33] ms
01-May-2023 17:59:16.728 INFORMAÇÕES [localhost-startStop-1] org.apache.catalina.startup.HostConfig.deployDirectory Deploying web application directory [C:\Users\Administrador\Desktop\Selenium-QA\DevOPs\apache-tomcat-8.5.50\webapps\manager]
01-May-2023 17:59:16.751 INFORMAÇÕES [localhost-startStop-1] org.apache.catalina.startup.HostConfig.deployDirectory Deployment of web application directory [C:\Users\Administrador\Desktop\Selenium-QA\DevOPs\apache-tomcat-8.5.50\webapps\manager] has finished in [23] ms
01-May-2023 17:59:16.751 INFORMAÇÕES [localhost-startStop-1] org.apache.catalina.startup.HostConfig.deployDirectory Deploying web application directory [C:\Users\Administrador\Desktop\Selenium-QA\DevOPs\apache-tomcat-8.5.50\webapps\ROOT]
01-May-2023 17:59:16.776 INFORMAÇÕES [localhost-startStop-1] org.apache.catalina.startup.HostConfig.deployDirectory Deployment of web application directory [C:\Users\Administrador\Desktop\Selenium-QA\DevOPs\apache-tomcat-8.5.50\webapps\ROOT] has finished in [25] ms
01-May-2023 17:59:16.778 INFORMAÇÕES [main] org.apache.coyote.AbstractProtocol.start Starting ProtocolHandler ["http-nio-8888"]
01-May-2023 17:59:16.788 INFORMAÇÕES [main] org.apache.coyote.AbstractProtocol.start Starting ProtocolHandler ["ajp-nio-8009"]
01-May-2023 17:59:16.791 INFORMAÇÕES [main] org.apache.catalina.startup.Catalina.start Server startup in 535 ms
01-May-2023 19:49:52.276 INFORMAÇÕES [http-nio-8888-exec-6] org.apache.catalina.startup.HostConfig.deployWAR Deploying web application archive [C:\Users\Administrador\Desktop\Selenium-QA\DevOPs\apache-tomcat-8.5.50\webapps\tasks-backend.war]
01-May-2023 19:50:05.371 INFORMAÇÕES [http-nio-8888-exec-6] org.apache.jasper.servlet.TldScanner.scanJars At least one JAR was scanned for TLDs yet contained no TLDs. Enable debug logging for this logger for a complete list of JARs that were scanned but no TLDs were found in them. Skipping unneeded JARs during scanning can improve startup time and JSP compilation time.
01-May-2023 19:50:05.387 INFORMAÇÕES [http-nio-8888-exec-6] org.apache.catalina.startup.HostConfig.deployWAR Deployment of web application archive [C:\Users\Administrador\Desktop\Selenium-QA\DevOPs\apache-tomcat-8.5.50\webapps\tasks-backend.war] has finished in [13,111] ms
01-May-2023 19:54:15.406 INFORMAÇÕES [http-nio-8888-exec-7] org.apache.catalina.startup.HostConfig.deployWAR Deploying web application archive [C:\Users\Administrador\Desktop\Selenium-QA\DevOPs\apache-tomcat-8.5.50\webapps\tasks.war]
01-May-2023 19:54:22.115 INFORMAÇÕES [http-nio-8888-exec-7] org.apache.jasper.servlet.TldScanner.scanJars At least one JAR was scanned for TLDs yet contained no TLDs. Enable debug logging for this logger for a complete list of JARs that were scanned but no TLDs were found in them. Skipping unneeded JARs during scanning can improve startup time and JSP compilation time.
01-May-2023 19:54:22.126 INFORMAÇÕES [http-nio-8888-exec-7] org.apache.catalina.startup.HostConfig.deployWAR Deployment of web application archive [C:\Users\Administrador\Desktop\Selenium-QA\DevOPs\apache-tomcat-8.5.50\webapps\tasks.war] has finished in [6,719] ms
01-May-2023 20:06:11.704 INFORMAÇÕES [http-nio-8888-exec-7] org.apache.catalina.util.LifecycleBase.stop The stop() method was called on component [StandardEngine[Catalina].StandardHost[localhost].StandardContext[/tasks]] after stop() had already been called. The second call will be ignored.
01-May-2023 20:06:12.305 INFORMAÇÕES [http-nio-8888-exec-7] org.apache.catalina.startup.HostConfig.undeploy Undeploying context [/tasks]
01-May-2023 20:06:21.399 INFORMAÇÕES [http-nio-8888-exec-5] org.apache.catalina.startup.HostConfig.deployWAR Deploying web application archive [C:\Users\Administrador\Desktop\Selenium-QA\DevOPs\apache-tomcat-8.5.50\webapps\tasks.war]
01-May-2023 20:06:26.453 INFORMAÇÕES [http-nio-8888-exec-5] org.apache.jasper.servlet.TldScanner.scanJars At least one JAR was scanned for TLDs yet contained no TLDs. Enable debug logging for this logger for a complete list of JARs that were scanned but no TLDs were found in them. Skipping unneeded JARs during scanning can improve startup time and JSP compilation time.
01-May-2023 20:06:26.463 INFORMAÇÕES [http-nio-8888-exec-5] org.apache.catalina.startup.HostConfig.deployWAR Deployment of web application archive [C:\Users\Administrador\Desktop\Selenium-QA\DevOPs\apache-tomcat-8.5.50\webapps\tasks.war] has finished in [5,063] ms
01-May-2023 20:06:43.379 ADVERTÊNCIA [http-nio-8888-exec-6] org.apache.catalina.loader.WebappClassLoaderBase.clearReferencesJdbc The web application [tasks-backend] registered the JDBC driver [org.postgresql.Driver] but failed to unregister it when the web application was stopped. To prevent a memory leak, the JDBC Driver has been forcibly unregistered.
01-May-2023 20:06:45.442 INFORMAÇÕES [http-nio-8888-exec-3] org.apache.catalina.util.LifecycleBase.stop The stop() method was called on component [StandardEngine[Catalina].StandardHost[localhost].StandardContext[/tasks-backend]] after stop() had already been called. The second call will be ignored.
01-May-2023 20:06:46.038 INFORMAÇÕES [http-nio-8888-exec-3] org.apache.catalina.startup.HostConfig.undeploy Undeploying context [/tasks-backend]
01-May-2023 20:06:59.652 INFORMAÇÕES [http-nio-8888-exec-8] org.apache.catalina.startup.HostConfig.deployWAR Deploying web application archive [C:\Users\Administrador\Desktop\Selenium-QA\DevOPs\apache-tomcat-8.5.50\webapps\tasks-backend.war]
01-May-2023 20:07:08.343 INFORMAÇÕES [http-nio-8888-exec-8] org.apache.jasper.servlet.TldScanner.scanJars At least one JAR was scanned for TLDs yet contained no TLDs. Enable debug logging for this logger for a complete list of JARs that were scanned but no TLDs were found in them. Skipping unneeded JARs during scanning can improve startup time and JSP compilation time.
01-May-2023 20:07:08.355 INFORMAÇÕES [http-nio-8888-exec-8] org.apache.catalina.startup.HostConfig.deployWAR Deployment of web application archive [C:\Users\Administrador\Desktop\Selenium-QA\DevOPs\apache-tomcat-8.5.50\webapps\tasks-backend.war] has finished in [8,702] ms
01-May-2023 20:10:04.426 INFORMAÇÕES [http-nio-8888-exec-15] org.apache.coyote.http11.Http11Processor.service Error parsing HTTP request header
 Note: further occurrences of HTTP request parsing errors will be logged at DEBUG level.
	java.lang.IllegalArgumentException: Invalid character found in method name. HTTP method names must be tokens
		at org.apache.coyote.http11.Http11InputBuffer.parseRequestLine(Http11InputBuffer.java:430)
		at org.apache.coyote.http11.Http11Processor.service(Http11Processor.java:502)
		at org.apache.coyote.AbstractProcessorLight.process(AbstractProcessorLight.java:65)
		at org.apache.coyote.AbstractProtocol$ConnectionHandler.process(AbstractProtocol.java:810)
		at org.apache.tomcat.util.net.NioEndpoint$SocketProcessor.doRun(NioEndpoint.java:1623)
		at org.apache.tomcat.util.net.SocketProcessorBase.run(SocketProcessorBase.java:49)
		at java.util.concurrent.ThreadPoolExecutor.runWorker(Unknown Source)
		at java.util.concurrent.ThreadPoolExecutor$Worker.run(Unknown Source)
		at org.apache.tomcat.util.threads.TaskThread$WrappingRunnable.run(TaskThread.java:61)
		at java.lang.Thread.run(Unknown Source)
