01-May-2023 17:59:16.687 INFORMAÇÕES [localhost-startStop-1] org.apache.catalina.core.ApplicationContext.log ContextListener: contextInitialized()
01-May-2023 17:59:16.687 INFORMAÇÕES [localhost-startStop-1] org.apache.catalina.core.ApplicationContext.log SessionListener: contextInitialized()
01-May-2023 17:59:16.688 INFORMAÇÕES [localhost-startStop-1] org.apache.catalina.core.ApplicationContext.log ContextListener: attributeAdded('StockTicker', 'async.Stockticker@53f3ce')
01-May-2023 19:49:56.372 INFORMAÇÕES [http-nio-8888-exec-6] org.apache.catalina.core.ApplicationContext.log 2 Spring WebApplicationInitializers detected on classpath
01-May-2023 19:50:00.267 INFORMAÇÕES [http-nio-8888-exec-6] org.apache.catalina.core.ApplicationContext.log Initializing Spring embedded WebApplicationContext
01-May-2023 19:50:23.596 INFORMAÇÕES [http-nio-8888-exec-4] org.apache.catalina.core.ApplicationContext.log Initializing Spring DispatcherServlet 'dispatcherServlet'
01-May-2023 19:54:18.303 INFORMAÇÕES [http-nio-8888-exec-7] org.apache.catalina.core.ApplicationContext.log 3 Spring WebApplicationInitializers detected on classpath
01-May-2023 19:54:20.885 INFORMAÇÕES [http-nio-8888-exec-7] org.apache.catalina.core.ApplicationContext.log Initializing Spring embedded WebApplicationContext
01-May-2023 19:54:22.050 INFORMAÇÕES [http-nio-8888-exec-7] org.apache.catalina.core.ApplicationContext.log Initializing Spring embedded WebApplicationContext
01-May-2023 19:54:52.484 INFORMAÇÕES [http-nio-8888-exec-2] org.apache.catalina.core.ApplicationContext.log Initializing Spring DispatcherServlet 'dispatcherServlet'
01-May-2023 20:05:48.444 INFORMAÇÕES [http-nio-8888-exec-9] org.apache.catalina.core.ApplicationContext.log Destroying Spring FrameworkServlet 'dispatcherServlet'
01-May-2023 20:05:48.446 INFORMAÇÕES [http-nio-8888-exec-9] org.apache.catalina.core.ApplicationContext.log Closing Spring root WebApplicationContext
01-May-2023 20:05:48.459 INFORMAÇÕES [http-nio-8888-exec-9] org.apache.catalina.core.ApplicationContext.log Closing Spring root WebApplicationContext
01-May-2023 20:06:23.622 INFORMAÇÕES [http-nio-8888-exec-5] org.apache.catalina.core.ApplicationContext.log 3 Spring WebApplicationInitializers detected on classpath
01-May-2023 20:06:25.495 INFORMAÇÕES [http-nio-8888-exec-5] org.apache.catalina.core.ApplicationContext.log Initializing Spring embedded WebApplicationContext
01-May-2023 20:06:26.374 INFORMAÇÕES [http-nio-8888-exec-5] org.apache.catalina.core.ApplicationContext.log Initializing Spring embedded WebApplicationContext
01-May-2023 20:06:43.338 INFORMAÇÕES [http-nio-8888-exec-6] org.apache.catalina.core.ApplicationContext.log Destroying Spring FrameworkServlet 'dispatcherServlet'
01-May-2023 20:06:43.338 INFORMAÇÕES [http-nio-8888-exec-6] org.apache.catalina.core.ApplicationContext.log Closing Spring root WebApplicationContext
01-May-2023 20:07:02.586 INFORMAÇÕES [http-nio-8888-exec-8] org.apache.catalina.core.ApplicationContext.log 2 Spring WebApplicationInitializers detected on classpath
01-May-2023 20:07:05.020 INFORMAÇÕES [http-nio-8888-exec-8] org.apache.catalina.core.ApplicationContext.log Initializing Spring embedded WebApplicationContext
01-May-2023 20:07:05.127 INFORMAÇÕES [http-nio-8888-exec-2] org.apache.catalina.core.ApplicationContext.log Initializing Spring DispatcherServlet 'dispatcherServlet'
01-May-2023 20:10:56.043 INFORMAÇÕES [http-nio-8888-exec-16] org.apache.catalina.core.ApplicationContext.log Initializing Spring DispatcherServlet 'dispatcherServlet'
