02-May-2023 07:48:15.327 INFORMAÇÕES [http-nio-8888-exec-20] org.apache.catalina.core.ApplicationContext.log Destroying Spring FrameworkServlet 'dispatcherServlet'
02-May-2023 07:48:15.333 INFORMAÇÕES [http-nio-8888-exec-20] org.apache.catalina.core.ApplicationContext.log Closing Spring root WebApplicationContext
02-May-2023 07:48:39.888 INFORMAÇÕES [http-nio-8888-exec-24] org.apache.catalina.core.ApplicationContext.log 2 Spring WebApplicationInitializers detected on classpath
02-May-2023 07:48:43.571 INFORMAÇÕES [http-nio-8888-exec-24] org.apache.catalina.core.ApplicationContext.log Initializing Spring embedded WebApplicationContext
02-May-2023 07:50:40.768 INFORMAÇÕES [http-nio-8888-exec-25] org.apache.catalina.core.ApplicationContext.log Closing Spring root WebApplicationContext
02-May-2023 07:52:54.216 INFORMAÇÕES [http-nio-8888-exec-36] org.apache.catalina.core.ApplicationContext.log 2 Spring WebApplicationInitializers detected on classpath
02-May-2023 07:52:57.646 INFORMAÇÕES [http-nio-8888-exec-36] org.apache.catalina.core.ApplicationContext.log Initializing Spring embedded WebApplicationContext
02-May-2023 07:53:30.661 INFORMAÇÕES [http-nio-8888-exec-38] org.apache.catalina.core.ApplicationContext.log Initializing Spring DispatcherServlet 'dispatcherServlet'
02-May-2023 07:55:10.701 INFORMAÇÕES [http-nio-8888-exec-32] org.apache.catalina.core.ApplicationContext.log Destroying Spring FrameworkServlet 'dispatcherServlet'
02-May-2023 07:55:10.702 INFORMAÇÕES [http-nio-8888-exec-32] org.apache.catalina.core.ApplicationContext.log Closing Spring root WebApplicationContext
02-May-2023 07:55:10.724 INFORMAÇÕES [http-nio-8888-exec-32] org.apache.catalina.core.ApplicationContext.log Closing Spring root WebApplicationContext
02-May-2023 07:57:35.768 INFORMAÇÕES [http-nio-8888-exec-42] org.apache.catalina.core.ApplicationContext.log 3 Spring WebApplicationInitializers detected on classpath
02-May-2023 07:57:38.628 INFORMAÇÕES [http-nio-8888-exec-42] org.apache.catalina.core.ApplicationContext.log Initializing Spring embedded WebApplicationContext
02-May-2023 07:57:39.991 INFORMAÇÕES [http-nio-8888-exec-42] org.apache.catalina.core.ApplicationContext.log Initializing Spring embedded WebApplicationContext
02-May-2023 07:59:12.746 INFORMAÇÕES [http-nio-8888-exec-42] org.apache.catalina.core.ApplicationContext.log Closing Spring root WebApplicationContext
02-May-2023 07:59:12.761 INFORMAÇÕES [http-nio-8888-exec-42] org.apache.catalina.core.ApplicationContext.log Closing Spring root WebApplicationContext
02-May-2023 07:59:16.230 INFORMAÇÕES [http-nio-8888-exec-45] org.apache.catalina.core.ApplicationContext.log 3 Spring WebApplicationInitializers detected on classpath
02-May-2023 07:59:19.281 INFORMAÇÕES [http-nio-8888-exec-45] org.apache.catalina.core.ApplicationContext.log Initializing Spring embedded WebApplicationContext
02-May-2023 07:59:20.449 INFORMAÇÕES [http-nio-8888-exec-45] org.apache.catalina.core.ApplicationContext.log Initializing Spring embedded WebApplicationContext
02-May-2023 07:59:39.768 INFORMAÇÕES [http-nio-8888-exec-37] org.apache.catalina.core.ApplicationContext.log Closing Spring root WebApplicationContext
02-May-2023 07:59:39.782 INFORMAÇÕES [http-nio-8888-exec-37] org.apache.catalina.core.ApplicationContext.log Closing Spring root WebApplicationContext
02-May-2023 07:59:59.874 INFORMAÇÕES [http-nio-8888-exec-41] org.apache.catalina.core.ApplicationContext.log 3 Spring WebApplicationInitializers detected on classpath
02-May-2023 08:00:02.978 INFORMAÇÕES [http-nio-8888-exec-41] org.apache.catalina.core.ApplicationContext.log Initializing Spring embedded WebApplicationContext
02-May-2023 08:00:04.186 INFORMAÇÕES [http-nio-8888-exec-41] org.apache.catalina.core.ApplicationContext.log Initializing Spring embedded WebApplicationContext
02-May-2023 08:00:07.345 INFORMAÇÕES [http-nio-8888-exec-46] org.apache.catalina.core.ApplicationContext.log Initializing Spring DispatcherServlet 'dispatcherServlet'
02-May-2023 08:00:18.282 INFORMAÇÕES [http-nio-8888-exec-49] org.apache.catalina.core.ApplicationContext.log Destroying Spring FrameworkServlet 'dispatcherServlet'
02-May-2023 08:00:18.284 INFORMAÇÕES [http-nio-8888-exec-49] org.apache.catalina.core.ApplicationContext.log Closing Spring root WebApplicationContext
02-May-2023 08:00:18.297 INFORMAÇÕES [http-nio-8888-exec-49] org.apache.catalina.core.ApplicationContext.log Closing Spring root WebApplicationContext
02-May-2023 08:00:41.053 INFORMAÇÕES [http-nio-8888-exec-54] org.apache.catalina.core.ApplicationContext.log 3 Spring WebApplicationInitializers detected on classpath
02-May-2023 08:00:43.713 INFORMAÇÕES [http-nio-8888-exec-54] org.apache.catalina.core.ApplicationContext.log Initializing Spring embedded WebApplicationContext
02-May-2023 08:00:44.991 INFORMAÇÕES [http-nio-8888-exec-54] org.apache.catalina.core.ApplicationContext.log Initializing Spring embedded WebApplicationContext
02-May-2023 08:00:52.097 INFORMAÇÕES [http-nio-8888-exec-53] org.apache.catalina.core.ApplicationContext.log Initializing Spring DispatcherServlet 'dispatcherServlet'
02-May-2023 08:05:50.450 INFORMAÇÕES [http-nio-8888-exec-62] org.apache.catalina.core.ApplicationContext.log Destroying Spring FrameworkServlet 'dispatcherServlet'
02-May-2023 08:05:50.451 INFORMAÇÕES [http-nio-8888-exec-62] org.apache.catalina.core.ApplicationContext.log Closing Spring root WebApplicationContext
02-May-2023 08:05:53.144 INFORMAÇÕES [http-nio-8888-exec-68] org.apache.catalina.core.ApplicationContext.log Destroying Spring FrameworkServlet 'dispatcherServlet'
02-May-2023 08:05:53.145 INFORMAÇÕES [http-nio-8888-exec-68] org.apache.catalina.core.ApplicationContext.log Closing Spring root WebApplicationContext
02-May-2023 08:05:53.168 INFORMAÇÕES [http-nio-8888-exec-68] org.apache.catalina.core.ApplicationContext.log Closing Spring root WebApplicationContext
02-May-2023 08:05:55.378 INFORMAÇÕES [http-nio-8888-exec-67] org.apache.catalina.core.ApplicationContext.log 2 Spring WebApplicationInitializers detected on classpath
02-May-2023 08:05:59.085 INFORMAÇÕES [http-nio-8888-exec-67] org.apache.catalina.core.ApplicationContext.log Initializing Spring embedded WebApplicationContext
02-May-2023 08:06:06.285 INFORMAÇÕES [http-nio-8888-exec-66] org.apache.catalina.core.ApplicationContext.log 3 Spring WebApplicationInitializers detected on classpath
02-May-2023 08:06:09.167 INFORMAÇÕES [http-nio-8888-exec-66] org.apache.catalina.core.ApplicationContext.log Initializing Spring embedded WebApplicationContext
02-May-2023 08:06:10.454 INFORMAÇÕES [http-nio-8888-exec-66] org.apache.catalina.core.ApplicationContext.log Initializing Spring embedded WebApplicationContext
02-May-2023 08:07:32.024 INFORMAÇÕES [http-nio-8888-exec-72] org.apache.catalina.core.ApplicationContext.log Initializing Spring DispatcherServlet 'dispatcherServlet'
02-May-2023 08:07:45.749 INFORMAÇÕES [http-nio-8888-exec-74] org.apache.catalina.core.ApplicationContext.log Destroying Spring FrameworkServlet 'dispatcherServlet'
02-May-2023 08:07:45.750 INFORMAÇÕES [http-nio-8888-exec-74] org.apache.catalina.core.ApplicationContext.log Closing Spring root WebApplicationContext
02-May-2023 08:07:45.764 INFORMAÇÕES [http-nio-8888-exec-74] org.apache.catalina.core.ApplicationContext.log Closing Spring root WebApplicationContext
02-May-2023 08:08:10.084 INFORMAÇÕES [http-nio-8888-exec-69] org.apache.catalina.core.ApplicationContext.log 3 Spring WebApplicationInitializers detected on classpath
02-May-2023 08:08:13.002 INFORMAÇÕES [http-nio-8888-exec-69] org.apache.catalina.core.ApplicationContext.log Initializing Spring embedded WebApplicationContext
02-May-2023 08:08:14.120 INFORMAÇÕES [http-nio-8888-exec-69] org.apache.catalina.core.ApplicationContext.log Initializing Spring embedded WebApplicationContext
02-May-2023 08:08:16.884 INFORMAÇÕES [http-nio-8888-exec-70] org.apache.catalina.core.ApplicationContext.log Initializing Spring DispatcherServlet 'dispatcherServlet'
02-May-2023 08:08:17.084 INFORMAÇÕES [http-nio-8888-exec-71] org.apache.catalina.core.ApplicationContext.log Initializing Spring DispatcherServlet 'dispatcherServlet'
02-May-2023 08:08:31.110 INFORMAÇÕES [http-nio-8888-exec-72] org.apache.catalina.core.ApplicationContext.log Destroying Spring FrameworkServlet 'dispatcherServlet'
02-May-2023 08:08:31.111 INFORMAÇÕES [http-nio-8888-exec-72] org.apache.catalina.core.ApplicationContext.log Closing Spring root WebApplicationContext
02-May-2023 08:08:36.411 INFORMAÇÕES [http-nio-8888-exec-80] org.apache.catalina.core.ApplicationContext.log 2 Spring WebApplicationInitializers detected on classpath
02-May-2023 08:08:40.036 INFORMAÇÕES [http-nio-8888-exec-80] org.apache.catalina.core.ApplicationContext.log Initializing Spring embedded WebApplicationContext
02-May-2023 08:08:46.729 INFORMAÇÕES [http-nio-8888-exec-76] org.apache.catalina.core.ApplicationContext.log Destroying Spring FrameworkServlet 'dispatcherServlet'
02-May-2023 08:08:46.730 INFORMAÇÕES [http-nio-8888-exec-76] org.apache.catalina.core.ApplicationContext.log Closing Spring root WebApplicationContext
02-May-2023 08:08:46.752 INFORMAÇÕES [http-nio-8888-exec-76] org.apache.catalina.core.ApplicationContext.log Closing Spring root WebApplicationContext
02-May-2023 08:08:50.678 INFORMAÇÕES [http-nio-8888-exec-73] org.apache.catalina.core.ApplicationContext.log 3 Spring WebApplicationInitializers detected on classpath
02-May-2023 08:08:54.304 INFORMAÇÕES [http-nio-8888-exec-73] org.apache.catalina.core.ApplicationContext.log Initializing Spring embedded WebApplicationContext
02-May-2023 08:08:55.576 INFORMAÇÕES [http-nio-8888-exec-73] org.apache.catalina.core.ApplicationContext.log Initializing Spring embedded WebApplicationContext
02-May-2023 08:09:09.109 INFORMAÇÕES [http-nio-8888-exec-77] org.apache.catalina.core.ApplicationContext.log Initializing Spring DispatcherServlet 'dispatcherServlet'
02-May-2023 08:21:36.093 INFORMAÇÕES [http-nio-8888-exec-88] org.apache.catalina.core.ApplicationContext.log Destroying Spring FrameworkServlet 'dispatcherServlet'
02-May-2023 08:21:36.094 INFORMAÇÕES [http-nio-8888-exec-88] org.apache.catalina.core.ApplicationContext.log Closing Spring root WebApplicationContext
02-May-2023 08:21:36.109 INFORMAÇÕES [http-nio-8888-exec-88] org.apache.catalina.core.ApplicationContext.log Closing Spring root WebApplicationContext
02-May-2023 08:21:39.591 INFORMAÇÕES [http-nio-8888-exec-86] org.apache.catalina.core.ApplicationContext.log 3 Spring WebApplicationInitializers detected on classpath
02-May-2023 08:21:41.626 INFORMAÇÕES [http-nio-8888-exec-95] org.apache.catalina.core.ApplicationContext.log Closing Spring root WebApplicationContext
02-May-2023 08:21:42.403 INFORMAÇÕES [http-nio-8888-exec-86] org.apache.catalina.core.ApplicationContext.log Initializing Spring embedded WebApplicationContext
02-May-2023 08:21:43.656 INFORMAÇÕES [http-nio-8888-exec-86] org.apache.catalina.core.ApplicationContext.log Initializing Spring embedded WebApplicationContext
02-May-2023 08:21:48.068 INFORMAÇÕES [http-nio-8888-exec-92] org.apache.catalina.core.ApplicationContext.log 2 Spring WebApplicationInitializers detected on classpath
02-May-2023 08:21:51.636 INFORMAÇÕES [http-nio-8888-exec-92] org.apache.catalina.core.ApplicationContext.log Initializing Spring embedded WebApplicationContext
02-May-2023 08:22:11.122 INFORMAÇÕES [http-nio-8888-exec-94] org.apache.catalina.core.ApplicationContext.log Initializing Spring DispatcherServlet 'dispatcherServlet'
02-May-2023 08:22:23.305 INFORMAÇÕES [http-nio-8888-exec-96] org.apache.catalina.core.ApplicationContext.log Destroying Spring FrameworkServlet 'dispatcherServlet'
02-May-2023 08:22:23.306 INFORMAÇÕES [http-nio-8888-exec-96] org.apache.catalina.core.ApplicationContext.log Closing Spring root WebApplicationContext
02-May-2023 08:22:23.320 INFORMAÇÕES [http-nio-8888-exec-96] org.apache.catalina.core.ApplicationContext.log Closing Spring root WebApplicationContext
02-May-2023 08:22:25.403 INFORMAÇÕES [http-nio-8888-exec-101] org.apache.catalina.core.ApplicationContext.log Closing Spring root WebApplicationContext
02-May-2023 08:22:41.142 INFORMAÇÕES [http-nio-8888-exec-105] org.apache.catalina.core.ApplicationContext.log 2 Spring WebApplicationInitializers detected on classpath
02-May-2023 08:22:44.805 INFORMAÇÕES [http-nio-8888-exec-105] org.apache.catalina.core.ApplicationContext.log Initializing Spring embedded WebApplicationContext
02-May-2023 08:23:01.465 INFORMAÇÕES [http-nio-8888-exec-98] org.apache.catalina.core.ApplicationContext.log 3 Spring WebApplicationInitializers detected on classpath
02-May-2023 08:23:04.662 INFORMAÇÕES [http-nio-8888-exec-98] org.apache.catalina.core.ApplicationContext.log Initializing Spring embedded WebApplicationContext
02-May-2023 08:23:05.902 INFORMAÇÕES [http-nio-8888-exec-98] org.apache.catalina.core.ApplicationContext.log Initializing Spring embedded WebApplicationContext
02-May-2023 08:23:25.959 INFORMAÇÕES [http-nio-8888-exec-106] org.apache.catalina.core.ApplicationContext.log Initializing Spring DispatcherServlet 'dispatcherServlet'
02-May-2023 09:06:03.053 INFORMAÇÕES [localhost-startStop-1] org.apache.catalina.core.ApplicationContext.log 2 Spring WebApplicationInitializers detected on classpath
02-May-2023 09:06:05.455 INFORMAÇÕES [localhost-startStop-1] org.apache.catalina.core.ApplicationContext.log Initializing Spring embedded WebApplicationContext
02-May-2023 09:06:15.891 INFORMAÇÕES [localhost-startStop-1] org.apache.catalina.core.ApplicationContext.log 3 Spring WebApplicationInitializers detected on classpath
02-May-2023 09:06:18.401 INFORMAÇÕES [localhost-startStop-1] org.apache.catalina.core.ApplicationContext.log Initializing Spring embedded WebApplicationContext
02-May-2023 09:06:19.553 INFORMAÇÕES [localhost-startStop-1] org.apache.catalina.core.ApplicationContext.log Initializing Spring embedded WebApplicationContext
02-May-2023 09:06:20.153 INFORMAÇÕES [localhost-startStop-1] org.apache.catalina.core.ApplicationContext.log ContextListener: contextInitialized()
02-May-2023 09:06:20.154 INFORMAÇÕES [localhost-startStop-1] org.apache.catalina.core.ApplicationContext.log SessionListener: contextInitialized()
02-May-2023 09:06:20.156 INFORMAÇÕES [localhost-startStop-1] org.apache.catalina.core.ApplicationContext.log ContextListener: attributeAdded('StockTicker', 'async.Stockticker@1e6f7ae')
02-May-2023 10:37:50.224 INFORMAÇÕES [localhost-startStop-1] org.apache.catalina.core.ApplicationContext.log 2 Spring WebApplicationInitializers detected on classpath
02-May-2023 10:37:52.975 INFORMAÇÕES [localhost-startStop-1] org.apache.catalina.core.ApplicationContext.log Initializing Spring embedded WebApplicationContext
02-May-2023 10:38:03.447 INFORMAÇÕES [localhost-startStop-1] org.apache.catalina.core.ApplicationContext.log 3 Spring WebApplicationInitializers detected on classpath
02-May-2023 10:38:05.436 INFORMAÇÕES [localhost-startStop-1] org.apache.catalina.core.ApplicationContext.log Initializing Spring embedded WebApplicationContext
02-May-2023 10:38:06.335 INFORMAÇÕES [localhost-startStop-1] org.apache.catalina.core.ApplicationContext.log Initializing Spring embedded WebApplicationContext
02-May-2023 10:38:06.750 INFORMAÇÕES [localhost-startStop-1] org.apache.catalina.core.ApplicationContext.log ContextListener: contextInitialized()
02-May-2023 10:38:06.750 INFORMAÇÕES [localhost-startStop-1] org.apache.catalina.core.ApplicationContext.log SessionListener: contextInitialized()
02-May-2023 10:38:06.751 INFORMAÇÕES [localhost-startStop-1] org.apache.catalina.core.ApplicationContext.log ContextListener: attributeAdded('StockTicker', 'async.Stockticker@b963a0')
02-May-2023 11:58:16.936 INFORMAÇÕES [http-nio-8888-exec-1] org.apache.catalina.core.ApplicationContext.log 2 Spring WebApplicationInitializers detected on classpath
02-May-2023 11:58:19.481 INFORMAÇÕES [http-nio-8888-exec-1] org.apache.catalina.core.ApplicationContext.log Initializing Spring embedded WebApplicationContext
02-May-2023 12:00:14.482 INFORMAÇÕES [http-nio-8888-exec-6] org.apache.catalina.core.ApplicationContext.log 2 Spring WebApplicationInitializers detected on classpath
02-May-2023 12:00:16.977 INFORMAÇÕES [http-nio-8888-exec-6] org.apache.catalina.core.ApplicationContext.log Initializing Spring embedded WebApplicationContext
02-May-2023 12:00:36.536 INFORMAÇÕES [http-nio-8888-exec-12] org.apache.catalina.core.ApplicationContext.log 2 Spring WebApplicationInitializers detected on classpath
02-May-2023 12:00:39.232 INFORMAÇÕES [http-nio-8888-exec-12] org.apache.catalina.core.ApplicationContext.log Initializing Spring embedded WebApplicationContext
02-May-2023 12:02:16.353 INFORMAÇÕES [http-nio-8888-exec-25] org.apache.catalina.core.ApplicationContext.log 2 Spring WebApplicationInitializers detected on classpath
02-May-2023 12:02:18.822 INFORMAÇÕES [http-nio-8888-exec-25] org.apache.catalina.core.ApplicationContext.log Initializing Spring embedded WebApplicationContext
02-May-2023 12:03:43.612 INFORMAÇÕES [http-nio-8888-exec-26] org.apache.catalina.core.ApplicationContext.log Initializing Spring DispatcherServlet 'dispatcherServlet'
02-May-2023 12:05:11.664 INFORMAÇÕES [http-nio-8888-exec-26] org.apache.catalina.core.ApplicationContext.log 2 Spring WebApplicationInitializers detected on classpath
02-May-2023 12:05:14.096 INFORMAÇÕES [http-nio-8888-exec-26] org.apache.catalina.core.ApplicationContext.log Initializing Spring embedded WebApplicationContext
02-May-2023 12:05:29.802 INFORMAÇÕES [localhost-startStop-2] org.apache.catalina.core.ApplicationContext.log SessionListener: contextDestroyed()
02-May-2023 12:05:29.802 INFORMAÇÕES [localhost-startStop-2] org.apache.catalina.core.ApplicationContext.log ContextListener: contextDestroyed()
02-May-2023 12:05:29.808 INFORMAÇÕES [localhost-startStop-2] org.apache.catalina.core.ApplicationContext.log Destroying Spring FrameworkServlet 'dispatcherServlet'
02-May-2023 12:05:29.808 INFORMAÇÕES [localhost-startStop-2] org.apache.catalina.core.ApplicationContext.log Closing Spring root WebApplicationContext
02-May-2023 12:05:29.820 INFORMAÇÕES [localhost-startStop-2] org.apache.catalina.core.ApplicationContext.log Closing Spring root WebApplicationContext
02-May-2023 12:05:55.519 INFORMAÇÕES [localhost-startStop-1] org.apache.catalina.core.ApplicationContext.log 2 Spring WebApplicationInitializers detected on classpath
02-May-2023 12:05:57.539 INFORMAÇÕES [localhost-startStop-1] org.apache.catalina.core.ApplicationContext.log Initializing Spring embedded WebApplicationContext
02-May-2023 12:06:07.849 INFORMAÇÕES [localhost-startStop-1] org.apache.catalina.core.ApplicationContext.log 3 Spring WebApplicationInitializers detected on classpath
02-May-2023 12:06:10.456 INFORMAÇÕES [localhost-startStop-1] org.apache.catalina.core.ApplicationContext.log Initializing Spring embedded WebApplicationContext
02-May-2023 12:06:11.682 INFORMAÇÕES [localhost-startStop-1] org.apache.catalina.core.ApplicationContext.log Initializing Spring embedded WebApplicationContext
02-May-2023 12:06:12.264 INFORMAÇÕES [localhost-startStop-1] org.apache.catalina.core.ApplicationContext.log ContextListener: contextInitialized()
02-May-2023 12:06:12.264 INFORMAÇÕES [localhost-startStop-1] org.apache.catalina.core.ApplicationContext.log SessionListener: contextInitialized()
02-May-2023 12:06:12.266 INFORMAÇÕES [localhost-startStop-1] org.apache.catalina.core.ApplicationContext.log ContextListener: attributeAdded('StockTicker', 'async.Stockticker@17bc41e')
02-May-2023 12:06:36.581 INFORMAÇÕES [http-nio-8888-exec-9] org.apache.catalina.core.ApplicationContext.log 2 Spring WebApplicationInitializers detected on classpath
02-May-2023 12:06:40.051 INFORMAÇÕES [http-nio-8888-exec-9] org.apache.catalina.core.ApplicationContext.log Initializing Spring embedded WebApplicationContext
02-May-2023 12:07:24.906 INFORMAÇÕES [http-nio-8888-exec-12] org.apache.catalina.core.ApplicationContext.log 2 Spring WebApplicationInitializers detected on classpath
02-May-2023 12:07:28.768 INFORMAÇÕES [http-nio-8888-exec-12] org.apache.catalina.core.ApplicationContext.log Initializing Spring embedded WebApplicationContext
02-May-2023 12:09:57.135 INFORMAÇÕES [http-nio-8888-exec-13] org.apache.catalina.core.ApplicationContext.log 2 Spring WebApplicationInitializers detected on classpath
02-May-2023 12:10:00.452 INFORMAÇÕES [http-nio-8888-exec-13] org.apache.catalina.core.ApplicationContext.log Initializing Spring embedded WebApplicationContext
02-May-2023 12:10:13.348 INFORMAÇÕES [http-nio-8888-exec-2] org.apache.catalina.core.ApplicationContext.log 2 Spring WebApplicationInitializers detected on classpath
02-May-2023 12:10:17.571 INFORMAÇÕES [http-nio-8888-exec-2] org.apache.catalina.core.ApplicationContext.log Initializing Spring embedded WebApplicationContext
02-May-2023 12:12:10.924 INFORMAÇÕES [http-nio-8888-exec-29] org.apache.catalina.core.ApplicationContext.log 2 Spring WebApplicationInitializers detected on classpath
02-May-2023 12:12:14.482 INFORMAÇÕES [http-nio-8888-exec-29] org.apache.catalina.core.ApplicationContext.log Initializing Spring embedded WebApplicationContext
02-May-2023 12:13:03.475 INFORMAÇÕES [http-nio-8888-exec-23] org.apache.catalina.core.ApplicationContext.log 2 Spring WebApplicationInitializers detected on classpath
02-May-2023 12:13:06.622 INFORMAÇÕES [http-nio-8888-exec-23] org.apache.catalina.core.ApplicationContext.log Initializing Spring embedded WebApplicationContext
02-May-2023 12:14:12.121 INFORMAÇÕES [http-nio-8888-exec-38] org.apache.catalina.core.ApplicationContext.log 2 Spring WebApplicationInitializers detected on classpath
02-May-2023 12:14:15.672 INFORMAÇÕES [http-nio-8888-exec-38] org.apache.catalina.core.ApplicationContext.log Initializing Spring embedded WebApplicationContext
02-May-2023 12:14:30.930 INFORMAÇÕES [http-nio-8888-exec-32] org.apache.catalina.core.ApplicationContext.log 2 Spring WebApplicationInitializers detected on classpath
02-May-2023 12:14:34.636 INFORMAÇÕES [http-nio-8888-exec-32] org.apache.catalina.core.ApplicationContext.log Initializing Spring embedded WebApplicationContext
02-May-2023 12:17:35.075 INFORMAÇÕES [http-nio-8888-exec-46] org.apache.catalina.core.ApplicationContext.log 2 Spring WebApplicationInitializers detected on classpath
02-May-2023 12:17:38.308 INFORMAÇÕES [http-nio-8888-exec-46] org.apache.catalina.core.ApplicationContext.log Initializing Spring embedded WebApplicationContext
02-May-2023 12:17:40.526 INFORMAÇÕES [http-nio-8888-exec-35] org.apache.catalina.core.ApplicationContext.log Initializing Spring DispatcherServlet 'dispatcherServlet'
02-May-2023 12:18:09.000 INFORMAÇÕES [http-nio-8888-exec-40] org.apache.catalina.core.ApplicationContext.log 2 Spring WebApplicationInitializers detected on classpath
02-May-2023 12:18:12.153 INFORMAÇÕES [http-nio-8888-exec-40] org.apache.catalina.core.ApplicationContext.log Initializing Spring embedded WebApplicationContext
02-May-2023 12:21:55.244 INFORMAÇÕES [localhost-startStop-1] org.apache.catalina.core.ApplicationContext.log 2 Spring WebApplicationInitializers detected on classpath
02-May-2023 12:21:57.228 INFORMAÇÕES [localhost-startStop-1] org.apache.catalina.core.ApplicationContext.log Initializing Spring embedded WebApplicationContext
02-May-2023 12:23:56.672 INFORMAÇÕES [localhost-startStop-1] org.apache.catalina.core.ApplicationContext.log 2 Spring WebApplicationInitializers detected on classpath
02-May-2023 12:23:58.640 INFORMAÇÕES [localhost-startStop-1] org.apache.catalina.core.ApplicationContext.log Initializing Spring embedded WebApplicationContext
02-May-2023 12:24:07.758 INFORMAÇÕES [localhost-startStop-1] org.apache.catalina.core.ApplicationContext.log 3 Spring WebApplicationInitializers detected on classpath
02-May-2023 12:24:09.439 INFORMAÇÕES [localhost-startStop-1] org.apache.catalina.core.ApplicationContext.log Initializing Spring embedded WebApplicationContext
02-May-2023 12:24:10.326 INFORMAÇÕES [localhost-startStop-1] org.apache.catalina.core.ApplicationContext.log Initializing Spring embedded WebApplicationContext
02-May-2023 12:24:10.755 INFORMAÇÕES [localhost-startStop-1] org.apache.catalina.core.ApplicationContext.log ContextListener: contextInitialized()
02-May-2023 12:24:10.755 INFORMAÇÕES [localhost-startStop-1] org.apache.catalina.core.ApplicationContext.log SessionListener: contextInitialized()
02-May-2023 12:24:10.758 INFORMAÇÕES [localhost-startStop-1] org.apache.catalina.core.ApplicationContext.log ContextListener: attributeAdded('StockTicker', 'async.Stockticker@948c25')
02-May-2023 12:25:20.395 INFORMAÇÕES [localhost-startStop-1] org.apache.catalina.core.ApplicationContext.log 2 Spring WebApplicationInitializers detected on classpath
02-May-2023 12:25:22.227 INFORMAÇÕES [localhost-startStop-1] org.apache.catalina.core.ApplicationContext.log Initializing Spring embedded WebApplicationContext
02-May-2023 12:25:31.022 INFORMAÇÕES [localhost-startStop-1] org.apache.catalina.core.ApplicationContext.log 3 Spring WebApplicationInitializers detected on classpath
02-May-2023 12:25:32.388 INFORMAÇÕES [localhost-startStop-1] org.apache.catalina.core.ApplicationContext.log Initializing Spring embedded WebApplicationContext
02-May-2023 12:25:33.046 INFORMAÇÕES [localhost-startStop-1] org.apache.catalina.core.ApplicationContext.log Initializing Spring embedded WebApplicationContext
02-May-2023 12:25:33.314 INFORMAÇÕES [localhost-startStop-1] org.apache.catalina.core.ApplicationContext.log ContextListener: contextInitialized()
02-May-2023 12:25:33.314 INFORMAÇÕES [localhost-startStop-1] org.apache.catalina.core.ApplicationContext.log SessionListener: contextInitialized()
02-May-2023 12:25:33.314 INFORMAÇÕES [localhost-startStop-1] org.apache.catalina.core.ApplicationContext.log ContextListener: attributeAdded('StockTicker', 'async.Stockticker@117ab0e')
02-May-2023 12:26:07.583 INFORMAÇÕES [http-nio-8888-exec-9] org.apache.catalina.core.ApplicationContext.log 2 Spring WebApplicationInitializers detected on classpath
02-May-2023 12:26:10.436 INFORMAÇÕES [http-nio-8888-exec-9] org.apache.catalina.core.ApplicationContext.log Initializing Spring embedded WebApplicationContext
02-May-2023 12:26:31.241 INFORMAÇÕES [http-nio-8888-exec-5] org.apache.catalina.core.ApplicationContext.log 2 Spring WebApplicationInitializers detected on classpath
02-May-2023 12:26:33.712 INFORMAÇÕES [http-nio-8888-exec-5] org.apache.catalina.core.ApplicationContext.log Initializing Spring embedded WebApplicationContext
02-May-2023 12:28:19.096 INFORMAÇÕES [http-nio-8888-exec-8] org.apache.catalina.core.ApplicationContext.log 2 Spring WebApplicationInitializers detected on classpath
02-May-2023 12:28:22.623 INFORMAÇÕES [http-nio-8888-exec-8] org.apache.catalina.core.ApplicationContext.log Initializing Spring embedded WebApplicationContext
02-May-2023 12:28:39.020 INFORMAÇÕES [http-nio-8888-exec-11] org.apache.catalina.core.ApplicationContext.log 2 Spring WebApplicationInitializers detected on classpath
02-May-2023 12:28:42.477 INFORMAÇÕES [http-nio-8888-exec-11] org.apache.catalina.core.ApplicationContext.log Initializing Spring embedded WebApplicationContext
02-May-2023 12:29:27.702 INFORMAÇÕES [http-nio-8888-exec-12] org.apache.catalina.core.ApplicationContext.log 2 Spring WebApplicationInitializers detected on classpath
02-May-2023 12:29:31.084 INFORMAÇÕES [http-nio-8888-exec-12] org.apache.catalina.core.ApplicationContext.log Initializing Spring embedded WebApplicationContext
02-May-2023 12:29:44.868 INFORMAÇÕES [http-nio-8888-exec-18] org.apache.catalina.core.ApplicationContext.log 2 Spring WebApplicationInitializers detected on classpath
02-May-2023 12:29:48.299 INFORMAÇÕES [http-nio-8888-exec-18] org.apache.catalina.core.ApplicationContext.log Initializing Spring embedded WebApplicationContext
02-May-2023 12:30:17.294 INFORMAÇÕES [http-nio-8888-exec-7] org.apache.catalina.core.ApplicationContext.log 2 Spring WebApplicationInitializers detected on classpath
02-May-2023 12:30:21.006 INFORMAÇÕES [http-nio-8888-exec-7] org.apache.catalina.core.ApplicationContext.log Initializing Spring embedded WebApplicationContext
02-May-2023 12:31:37.259 INFORMAÇÕES [http-nio-8888-exec-28] org.apache.catalina.core.ApplicationContext.log Closing Spring root WebApplicationContext
02-May-2023 12:31:37.274 INFORMAÇÕES [http-nio-8888-exec-28] org.apache.catalina.core.ApplicationContext.log Closing Spring root WebApplicationContext
02-May-2023 12:32:44.246 INFORMAÇÕES [http-nio-8888-exec-36] org.apache.catalina.core.ApplicationContext.log 2 Spring WebApplicationInitializers detected on classpath
02-May-2023 12:32:47.858 INFORMAÇÕES [http-nio-8888-exec-36] org.apache.catalina.core.ApplicationContext.log Initializing Spring embedded WebApplicationContext
02-May-2023 12:33:42.008 INFORMAÇÕES [http-nio-8888-exec-40] org.apache.catalina.core.ApplicationContext.log 2 Spring WebApplicationInitializers detected on classpath
02-May-2023 12:33:46.106 INFORMAÇÕES [http-nio-8888-exec-40] org.apache.catalina.core.ApplicationContext.log Initializing Spring embedded WebApplicationContext
02-May-2023 12:39:31.832 INFORMAÇÕES [http-nio-8888-exec-43] org.apache.catalina.core.ApplicationContext.log 2 Spring WebApplicationInitializers detected on classpath
02-May-2023 12:39:35.417 INFORMAÇÕES [http-nio-8888-exec-43] org.apache.catalina.core.ApplicationContext.log Initializing Spring embedded WebApplicationContext
02-May-2023 12:39:42.819 INFORMAÇÕES [http-nio-8888-exec-44] org.apache.catalina.core.ApplicationContext.log Initializing Spring DispatcherServlet 'dispatcherServlet'
02-May-2023 13:02:13.602 INFORMAÇÕES [http-nio-8888-exec-52] org.apache.catalina.core.ApplicationContext.log Destroying Spring FrameworkServlet 'dispatcherServlet'
02-May-2023 13:02:13.604 INFORMAÇÕES [http-nio-8888-exec-52] org.apache.catalina.core.ApplicationContext.log Closing Spring root WebApplicationContext
02-May-2023 13:02:18.187 INFORMAÇÕES [http-nio-8888-exec-55] org.apache.catalina.core.ApplicationContext.log 2 Spring WebApplicationInitializers detected on classpath
02-May-2023 13:02:21.687 INFORMAÇÕES [http-nio-8888-exec-55] org.apache.catalina.core.ApplicationContext.log Initializing Spring embedded WebApplicationContext
02-May-2023 13:12:22.177 INFORMAÇÕES [http-nio-8888-exec-62] org.apache.catalina.core.ApplicationContext.log Closing Spring root WebApplicationContext
02-May-2023 13:12:26.921 INFORMAÇÕES [http-nio-8888-exec-61] org.apache.catalina.core.ApplicationContext.log 2 Spring WebApplicationInitializers detected on classpath
02-May-2023 13:12:30.281 INFORMAÇÕES [http-nio-8888-exec-61] org.apache.catalina.core.ApplicationContext.log Initializing Spring embedded WebApplicationContext
02-May-2023 13:12:54.657 INFORMAÇÕES [http-nio-8888-exec-63] org.apache.catalina.core.ApplicationContext.log Initializing Spring DispatcherServlet 'dispatcherServlet'
02-May-2023 13:15:44.614 INFORMAÇÕES [http-nio-8888-exec-72] org.apache.catalina.core.ApplicationContext.log Destroying Spring FrameworkServlet 'dispatcherServlet'
02-May-2023 13:15:44.617 INFORMAÇÕES [http-nio-8888-exec-72] org.apache.catalina.core.ApplicationContext.log Closing Spring root WebApplicationContext
02-May-2023 13:15:49.337 INFORMAÇÕES [http-nio-8888-exec-70] org.apache.catalina.core.ApplicationContext.log 2 Spring WebApplicationInitializers detected on classpath
02-May-2023 13:15:52.742 INFORMAÇÕES [http-nio-8888-exec-70] org.apache.catalina.core.ApplicationContext.log Initializing Spring embedded WebApplicationContext
02-May-2023 13:19:20.934 INFORMAÇÕES [http-nio-8888-exec-80] org.apache.catalina.core.ApplicationContext.log 3 Spring WebApplicationInitializers detected on classpath
02-May-2023 13:19:23.514 INFORMAÇÕES [http-nio-8888-exec-80] org.apache.catalina.core.ApplicationContext.log Initializing Spring embedded WebApplicationContext
02-May-2023 13:19:24.772 INFORMAÇÕES [http-nio-8888-exec-80] org.apache.catalina.core.ApplicationContext.log Initializing Spring embedded WebApplicationContext
02-May-2023 13:19:36.033 INFORMAÇÕES [http-nio-8888-exec-82] org.apache.catalina.core.ApplicationContext.log Initializing Spring DispatcherServlet 'dispatcherServlet'
02-May-2023 13:19:36.216 INFORMAÇÕES [http-nio-8888-exec-83] org.apache.catalina.core.ApplicationContext.log Initializing Spring DispatcherServlet 'dispatcherServlet'
02-May-2023 13:30:08.190 INFORMAÇÕES [http-nio-8888-exec-85] org.apache.catalina.core.ApplicationContext.log Destroying Spring FrameworkServlet 'dispatcherServlet'
02-May-2023 13:30:08.194 INFORMAÇÕES [http-nio-8888-exec-85] org.apache.catalina.core.ApplicationContext.log Closing Spring root WebApplicationContext
02-May-2023 13:30:08.220 INFORMAÇÕES [http-nio-8888-exec-85] org.apache.catalina.core.ApplicationContext.log Closing Spring root WebApplicationContext
02-May-2023 13:30:12.782 INFORMAÇÕES [http-nio-8888-exec-82] org.apache.catalina.core.ApplicationContext.log 3 Spring WebApplicationInitializers detected on classpath
02-May-2023 13:30:15.539 INFORMAÇÕES [http-nio-8888-exec-82] org.apache.catalina.core.ApplicationContext.log Initializing Spring embedded WebApplicationContext
02-May-2023 13:30:16.803 INFORMAÇÕES [http-nio-8888-exec-82] org.apache.catalina.core.ApplicationContext.log Initializing Spring embedded WebApplicationContext
02-May-2023 13:31:07.284 INFORMAÇÕES [http-nio-8888-exec-86] org.apache.catalina.core.ApplicationContext.log Closing Spring root WebApplicationContext
02-May-2023 13:31:07.295 INFORMAÇÕES [http-nio-8888-exec-86] org.apache.catalina.core.ApplicationContext.log Closing Spring root WebApplicationContext
02-May-2023 13:31:10.796 INFORMAÇÕES [http-nio-8888-exec-88] org.apache.catalina.core.ApplicationContext.log 3 Spring WebApplicationInitializers detected on classpath
02-May-2023 13:31:13.323 INFORMAÇÕES [http-nio-8888-exec-88] org.apache.catalina.core.ApplicationContext.log Initializing Spring embedded WebApplicationContext
02-May-2023 13:31:14.638 INFORMAÇÕES [http-nio-8888-exec-88] org.apache.catalina.core.ApplicationContext.log Initializing Spring embedded WebApplicationContext
02-May-2023 18:21:30.941 INFORMAÇÕES [http-nio-8888-exec-93] org.apache.catalina.core.ApplicationContext.log Initializing Spring DispatcherServlet 'dispatcherServlet'
02-May-2023 19:52:23.636 INFORMAÇÕES [http-nio-8888-exec-95] org.apache.catalina.core.ApplicationContext.log Destroying Spring FrameworkServlet 'dispatcherServlet'
02-May-2023 19:52:23.639 INFORMAÇÕES [http-nio-8888-exec-95] org.apache.catalina.core.ApplicationContext.log Closing Spring root WebApplicationContext
02-May-2023 19:52:23.655 INFORMAÇÕES [http-nio-8888-exec-95] org.apache.catalina.core.ApplicationContext.log Closing Spring root WebApplicationContext
02-May-2023 19:52:27.383 INFORMAÇÕES [http-nio-8888-exec-102] org.apache.catalina.core.ApplicationContext.log 3 Spring WebApplicationInitializers detected on classpath
02-May-2023 19:52:30.681 INFORMAÇÕES [http-nio-8888-exec-102] org.apache.catalina.core.ApplicationContext.log Initializing Spring embedded WebApplicationContext
02-May-2023 19:52:32.299 INFORMAÇÕES [http-nio-8888-exec-102] org.apache.catalina.core.ApplicationContext.log Initializing Spring embedded WebApplicationContext
02-May-2023 19:53:23.321 INFORMAÇÕES [http-nio-8888-exec-97] org.apache.catalina.core.ApplicationContext.log Initializing Spring DispatcherServlet 'dispatcherServlet'
02-May-2023 20:01:45.319 INFORMAÇÕES [http-nio-8888-exec-107] org.apache.catalina.core.ApplicationContext.log Destroying Spring FrameworkServlet 'dispatcherServlet'
02-May-2023 20:01:45.320 INFORMAÇÕES [http-nio-8888-exec-107] org.apache.catalina.core.ApplicationContext.log Closing Spring root WebApplicationContext
02-May-2023 20:01:45.339 INFORMAÇÕES [http-nio-8888-exec-107] org.apache.catalina.core.ApplicationContext.log Closing Spring root WebApplicationContext
02-May-2023 20:01:47.488 INFORMAÇÕES [http-nio-8888-exec-112] org.apache.catalina.core.ApplicationContext.log Destroying Spring FrameworkServlet 'dispatcherServlet'
02-May-2023 20:01:47.488 INFORMAÇÕES [http-nio-8888-exec-112] org.apache.catalina.core.ApplicationContext.log Closing Spring root WebApplicationContext
02-May-2023 20:03:49.912 INFORMAÇÕES [http-nio-8888-exec-115] org.apache.catalina.core.ApplicationContext.log 2 Spring WebApplicationInitializers detected on classpath
02-May-2023 20:03:53.468 INFORMAÇÕES [http-nio-8888-exec-115] org.apache.catalina.core.ApplicationContext.log Initializing Spring embedded WebApplicationContext
02-May-2023 20:04:17.690 INFORMAÇÕES [http-nio-8888-exec-114] org.apache.catalina.core.ApplicationContext.log 3 Spring WebApplicationInitializers detected on classpath
02-May-2023 20:04:20.510 INFORMAÇÕES [http-nio-8888-exec-114] org.apache.catalina.core.ApplicationContext.log Initializing Spring embedded WebApplicationContext
02-May-2023 20:04:21.735 INFORMAÇÕES [http-nio-8888-exec-114] org.apache.catalina.core.ApplicationContext.log Initializing Spring embedded WebApplicationContext
02-May-2023 20:04:28.238 INFORMAÇÕES [http-nio-8888-exec-104] org.apache.catalina.core.ApplicationContext.log Initializing Spring DispatcherServlet 'dispatcherServlet'
02-May-2023 20:04:28.506 INFORMAÇÕES [http-nio-8888-exec-113] org.apache.catalina.core.ApplicationContext.log Initializing Spring DispatcherServlet 'dispatcherServlet'
02-May-2023 20:08:01.044 INFORMAÇÕES [http-nio-8888-exec-116] org.apache.catalina.core.ApplicationContext.log Destroying Spring FrameworkServlet 'dispatcherServlet'
02-May-2023 20:08:01.045 INFORMAÇÕES [http-nio-8888-exec-116] org.apache.catalina.core.ApplicationContext.log Closing Spring root WebApplicationContext
02-May-2023 20:08:05.604 INFORMAÇÕES [http-nio-8888-exec-117] org.apache.catalina.core.ApplicationContext.log Destroying Spring FrameworkServlet 'dispatcherServlet'
02-May-2023 20:08:05.608 INFORMAÇÕES [http-nio-8888-exec-117] org.apache.catalina.core.ApplicationContext.log Closing Spring root WebApplicationContext
02-May-2023 20:08:05.630 INFORMAÇÕES [http-nio-8888-exec-117] org.apache.catalina.core.ApplicationContext.log Closing Spring root WebApplicationContext
02-May-2023 20:08:23.598 INFORMAÇÕES [http-nio-8888-exec-114] org.apache.catalina.core.ApplicationContext.log 3 Spring WebApplicationInitializers detected on classpath
02-May-2023 20:08:26.350 INFORMAÇÕES [http-nio-8888-exec-114] org.apache.catalina.core.ApplicationContext.log Initializing Spring embedded WebApplicationContext
02-May-2023 20:08:27.616 INFORMAÇÕES [http-nio-8888-exec-114] org.apache.catalina.core.ApplicationContext.log Initializing Spring embedded WebApplicationContext
02-May-2023 20:09:15.764 INFORMAÇÕES [http-nio-8888-exec-126] org.apache.catalina.core.ApplicationContext.log Closing Spring root WebApplicationContext
02-May-2023 20:09:15.778 INFORMAÇÕES [http-nio-8888-exec-126] org.apache.catalina.core.ApplicationContext.log Closing Spring root WebApplicationContext
02-May-2023 20:09:46.767 INFORMAÇÕES [http-nio-8888-exec-125] org.apache.catalina.core.ApplicationContext.log 2 Spring WebApplicationInitializers detected on classpath
02-May-2023 20:09:50.243 INFORMAÇÕES [http-nio-8888-exec-125] org.apache.catalina.core.ApplicationContext.log Initializing Spring embedded WebApplicationContext
02-May-2023 20:10:13.214 INFORMAÇÕES [http-nio-8888-exec-124] org.apache.catalina.core.ApplicationContext.log 3 Spring WebApplicationInitializers detected on classpath
02-May-2023 20:10:16.691 INFORMAÇÕES [http-nio-8888-exec-124] org.apache.catalina.core.ApplicationContext.log Initializing Spring embedded WebApplicationContext
02-May-2023 20:10:18.445 INFORMAÇÕES [http-nio-8888-exec-124] org.apache.catalina.core.ApplicationContext.log Initializing Spring embedded WebApplicationContext
02-May-2023 22:52:06.081 INFORMAÇÕES [localhost-startStop-1] org.apache.catalina.core.ApplicationContext.log 2 Spring WebApplicationInitializers detected on classpath
02-May-2023 22:52:09.580 INFORMAÇÕES [localhost-startStop-1] org.apache.catalina.core.ApplicationContext.log Initializing Spring embedded WebApplicationContext
02-May-2023 22:52:20.874 INFORMAÇÕES [localhost-startStop-1] org.apache.catalina.core.ApplicationContext.log 3 Spring WebApplicationInitializers detected on classpath
02-May-2023 22:52:22.765 INFORMAÇÕES [localhost-startStop-1] org.apache.catalina.core.ApplicationContext.log Initializing Spring embedded WebApplicationContext
02-May-2023 22:52:23.566 INFORMAÇÕES [localhost-startStop-1] org.apache.catalina.core.ApplicationContext.log Initializing Spring embedded WebApplicationContext
02-May-2023 22:52:23.969 INFORMAÇÕES [localhost-startStop-1] org.apache.catalina.core.ApplicationContext.log ContextListener: contextInitialized()
02-May-2023 22:52:23.969 INFORMAÇÕES [localhost-startStop-1] org.apache.catalina.core.ApplicationContext.log SessionListener: contextInitialized()
02-May-2023 22:52:23.973 INFORMAÇÕES [localhost-startStop-1] org.apache.catalina.core.ApplicationContext.log ContextListener: attributeAdded('StockTicker', 'async.Stockticker@1d0a423')
02-May-2023 23:06:39.125 INFORMAÇÕES [localhost-startStop-1] org.apache.catalina.core.ApplicationContext.log 2 Spring WebApplicationInitializers detected on classpath
02-May-2023 23:06:39.759 INFORMAÇÕES [localhost-startStop-1] org.apache.catalina.core.ApplicationContext.log 2 Spring WebApplicationInitializers detected on classpath
02-May-2023 23:18:01.929 INFORMAÇÕES [localhost-startStop-1] org.apache.catalina.core.ApplicationContext.log 2 Spring WebApplicationInitializers detected on classpath
02-May-2023 23:18:04.225 INFORMAÇÕES [localhost-startStop-1] org.apache.catalina.core.ApplicationContext.log Initializing Spring embedded WebApplicationContext
02-May-2023 23:18:21.602 INFORMAÇÕES [localhost-startStop-1] org.apache.catalina.core.ApplicationContext.log 2 Spring WebApplicationInitializers detected on classpath
02-May-2023 23:18:25.667 INFORMAÇÕES [localhost-startStop-1] org.apache.catalina.core.ApplicationContext.log Initializing Spring embedded WebApplicationContext
02-May-2023 23:18:33.304 INFORMAÇÕES [localhost-startStop-1] org.apache.catalina.core.ApplicationContext.log 3 Spring WebApplicationInitializers detected on classpath
02-May-2023 23:18:36.561 INFORMAÇÕES [localhost-startStop-1] org.apache.catalina.core.ApplicationContext.log Initializing Spring embedded WebApplicationContext
02-May-2023 23:18:38.415 INFORMAÇÕES [localhost-startStop-1] org.apache.catalina.core.ApplicationContext.log Initializing Spring embedded WebApplicationContext
02-May-2023 23:18:39.064 INFORMAÇÕES [localhost-startStop-1] org.apache.catalina.core.ApplicationContext.log ContextListener: contextInitialized()
02-May-2023 23:18:39.065 INFORMAÇÕES [localhost-startStop-1] org.apache.catalina.core.ApplicationContext.log SessionListener: contextInitialized()
02-May-2023 23:18:39.068 INFORMAÇÕES [localhost-startStop-1] org.apache.catalina.core.ApplicationContext.log ContextListener: attributeAdded('StockTicker', 'async.Stockticker@1c6e202')
02-May-2023 23:21:10.761 INFORMAÇÕES [localhost-startStop-1] org.apache.catalina.core.ApplicationContext.log 2 Spring WebApplicationInitializers detected on classpath
02-May-2023 23:21:14.828 INFORMAÇÕES [localhost-startStop-1] org.apache.catalina.core.ApplicationContext.log Initializing Spring embedded WebApplicationContext
02-May-2023 23:21:34.360 INFORMAÇÕES [localhost-startStop-1] org.apache.catalina.core.ApplicationContext.log 2 Spring WebApplicationInitializers detected on classpath
02-May-2023 23:21:37.760 INFORMAÇÕES [localhost-startStop-1] org.apache.catalina.core.ApplicationContext.log Initializing Spring embedded WebApplicationContext
02-May-2023 23:21:54.688 INFORMAÇÕES [localhost-startStop-1] org.apache.catalina.core.ApplicationContext.log 2 Spring WebApplicationInitializers detected on classpath
02-May-2023 23:22:00.001 INFORMAÇÕES [localhost-startStop-1] org.apache.catalina.core.ApplicationContext.log Initializing Spring embedded WebApplicationContext
02-May-2023 23:22:09.126 INFORMAÇÕES [localhost-startStop-1] org.apache.catalina.core.ApplicationContext.log 3 Spring WebApplicationInitializers detected on classpath
02-May-2023 23:22:14.213 INFORMAÇÕES [localhost-startStop-1] org.apache.catalina.core.ApplicationContext.log Initializing Spring embedded WebApplicationContext
02-May-2023 23:22:17.726 INFORMAÇÕES [localhost-startStop-1] org.apache.catalina.core.ApplicationContext.log Initializing Spring embedded WebApplicationContext
02-May-2023 23:22:19.093 INFORMAÇÕES [localhost-startStop-1] org.apache.catalina.core.ApplicationContext.log ContextListener: contextInitialized()
02-May-2023 23:22:19.093 INFORMAÇÕES [localhost-startStop-1] org.apache.catalina.core.ApplicationContext.log SessionListener: contextInitialized()
02-May-2023 23:22:19.097 INFORMAÇÕES [localhost-startStop-1] org.apache.catalina.core.ApplicationContext.log ContextListener: attributeAdded('StockTicker', 'async.Stockticker@10e5a46')
02-May-2023 23:42:26.798 INFORMAÇÕES [localhost-startStop-1] org.apache.catalina.core.ApplicationContext.log 2 Spring WebApplicationInitializers detected on classpath
02-May-2023 23:42:30.704 INFORMAÇÕES [localhost-startStop-1] org.apache.catalina.core.ApplicationContext.log Initializing Spring embedded WebApplicationContext
02-May-2023 23:42:37.949 INFORMAÇÕES [localhost-startStop-1] org.apache.catalina.core.ApplicationContext.log 3 Spring WebApplicationInitializers detected on classpath
02-May-2023 23:42:40.634 INFORMAÇÕES [localhost-startStop-1] org.apache.catalina.core.ApplicationContext.log Initializing Spring embedded WebApplicationContext
02-May-2023 23:42:41.943 INFORMAÇÕES [localhost-startStop-1] org.apache.catalina.core.ApplicationContext.log Initializing Spring embedded WebApplicationContext
02-May-2023 23:42:42.560 INFORMAÇÕES [localhost-startStop-1] org.apache.catalina.core.ApplicationContext.log ContextListener: contextInitialized()
02-May-2023 23:42:42.560 INFORMAÇÕES [localhost-startStop-1] org.apache.catalina.core.ApplicationContext.log SessionListener: contextInitialized()
02-May-2023 23:42:42.563 INFORMAÇÕES [localhost-startStop-1] org.apache.catalina.core.ApplicationContext.log ContextListener: attributeAdded('StockTicker', 'async.Stockticker@180d0cc')
