01-May-2023 18:06:03.637 INFORMAÇÕES [http-nio-8888-exec-8] org.apache.catalina.core.ApplicationContext.log HTMLManager: init: Associated with Deployer 'Catalina:type=Deployer,host=localhost'
01-May-2023 18:06:03.637 INFORMAÇÕES [http-nio-8888-exec-8] org.apache.catalina.core.ApplicationContext.log HTMLManager: init: Global resources are available
01-May-2023 18:06:03.642 INFORMAÇÕES [http-nio-8888-exec-8] org.apache.catalina.core.ApplicationContext.log HTMLManager: list: Listing contexts for virtual host 'localhost'
01-May-2023 18:06:12.005 INFORMAÇÕES [http-nio-8888-exec-3] org.apache.catalina.core.ApplicationContext.log HTMLManager: list: Listing contexts for virtual host 'localhost'
01-May-2023 19:49:35.192 INFORMAÇÕES [http-nio-8888-exec-7] org.apache.catalina.core.ApplicationContext.log HTMLManager: list: Listing contexts for virtual host 'localhost'
01-May-2023 19:49:46.527 INFORMAÇÕES [http-nio-8888-exec-8] org.apache.catalina.core.ApplicationContext.log HTMLManager: list: Listing contexts for virtual host 'localhost'
01-May-2023 19:50:05.388 INFORMAÇÕES [http-nio-8888-exec-6] org.apache.catalina.core.ApplicationContext.log HTMLManager: list: Listing contexts for virtual host 'localhost'
01-May-2023 19:54:22.126 INFORMAÇÕES [http-nio-8888-exec-7] org.apache.catalina.core.ApplicationContext.log HTMLManager: list: Listing contexts for virtual host 'localhost'
01-May-2023 19:54:35.721 INFORMAÇÕES [http-nio-8888-exec-8] org.apache.catalina.core.ApplicationContext.log HTMLManager: list: Listing contexts for virtual host 'localhost'
01-May-2023 19:54:42.951 INFORMAÇÕES [http-nio-8888-exec-3] org.apache.catalina.core.ApplicationContext.log HTMLManager: list: Listing contexts for virtual host 'localhost'
01-May-2023 20:05:00.815 INFORMAÇÕES [http-nio-8888-exec-5] org.apache.catalina.core.ApplicationContext.log HTMLManager: list: Listing contexts for virtual host 'localhost'
01-May-2023 20:05:48.440 INFORMAÇÕES [http-nio-8888-exec-9] org.apache.catalina.core.ApplicationContext.log HTMLManager: stop: Stopping web application '/tasks'
01-May-2023 20:05:48.476 INFORMAÇÕES [http-nio-8888-exec-9] org.apache.catalina.core.ApplicationContext.log HTMLManager: list: Listing contexts for virtual host 'localhost'
01-May-2023 20:06:11.703 INFORMAÇÕES [http-nio-8888-exec-7] org.apache.catalina.core.ApplicationContext.log HTMLManager: undeploy: Undeploying web application at '/tasks'
01-May-2023 20:06:12.308 INFORMAÇÕES [http-nio-8888-exec-7] org.apache.catalina.core.ApplicationContext.log HTMLManager: list: Listing contexts for virtual host 'localhost'
01-May-2023 20:06:26.463 INFORMAÇÕES [http-nio-8888-exec-5] org.apache.catalina.core.ApplicationContext.log HTMLManager: list: Listing contexts for virtual host 'localhost'
01-May-2023 20:06:43.338 INFORMAÇÕES [http-nio-8888-exec-6] org.apache.catalina.core.ApplicationContext.log HTMLManager: stop: Stopping web application '/tasks-backend'
01-May-2023 20:06:43.383 INFORMAÇÕES [http-nio-8888-exec-6] org.apache.catalina.core.ApplicationContext.log HTMLManager: list: Listing contexts for virtual host 'localhost'
01-May-2023 20:06:45.441 INFORMAÇÕES [http-nio-8888-exec-3] org.apache.catalina.core.ApplicationContext.log HTMLManager: undeploy: Undeploying web application at '/tasks-backend'
01-May-2023 20:06:46.045 INFORMAÇÕES [http-nio-8888-exec-3] org.apache.catalina.core.ApplicationContext.log HTMLManager: list: Listing contexts for virtual host 'localhost'
01-May-2023 20:07:08.355 INFORMAÇÕES [http-nio-8888-exec-8] org.apache.catalina.core.ApplicationContext.log HTMLManager: list: Listing contexts for virtual host 'localhost'
01-May-2023 20:07:14.972 INFORMAÇÕES [http-nio-8888-exec-12] org.apache.catalina.core.ApplicationContext.log HTMLManager: list: Listing contexts for virtual host 'localhost'
01-May-2023 20:10:27.350 INFORMAÇÕES [http-nio-8888-exec-17] org.apache.catalina.core.ApplicationContext.log HTMLManager: list: Listing contexts for virtual host 'localhost'
